2024-11-20 18:44:23,875 - URBasic_robotModelEvent - INFO - Init done
2024-11-20 18:44:24,416 - URBasic_realTimeClientEvent - INFO - Connected
2024-11-20 18:44:24,416 - URBasic_realTimeClientEvent - INFO - RT_CLient constructor done
2024-11-20 18:44:24,417 - URBasic_dataLogEvent - INFO - DataLog constructor done
2024-11-20 18:44:24,419 - URBasic_rtdeEvent - INFO - RTDE constructor done
2024-11-20 18:44:24,926 - URBasic_dashboardEvent - INFO - Connected
2024-11-20 18:44:24,930 - URBasic_dashboardEvent - INFO - UR Dashboard respond Connected: Universal Robots Dashboard Server
2024-11-20 18:44:24,937 - URBasic_dashboardEvent - INFO - Dashboard server constructor done
2024-11-20 18:44:24,940 - URBasic_robotConnectorEvent - INFO - Init done
2024-11-20 18:44:25,213 - URBasic_rtdeEvent - INFO - Controller version: 5.18.1-0
2024-11-20 18:44:25,245 - URBasic_rtdeEvent - INFO - RTDE started
2024-11-20 18:44:25,772 - URBasic_rtdeEvent - ERROR - Lost some RTDE at 4480.858 - 14.000000000123691 milliseconds since last package
2024-11-20 18:44:25,871 - URBasic_rtdeEvent - ERROR - Lost some RTDE at 4480.938 - 14.000000000123691 milliseconds since last package
2024-11-20 18:44:25,951 - URBasic_urScriptEvent - INFO - Init done
2024-11-20 18:44:25,975 - URBasic_rtdeEvent - ERROR - Lost some RTDE at 4481.018 - 14.000000000123691 milliseconds since last package
2024-11-20 18:44:25,988 - URBasic_rtdeEvent - ERROR - Lost some RTDE at 4481.03 - 10.000000000218279 milliseconds since last package
2024-11-20 18:44:25,998 - URBasic_urScriptExtEvent - INFO - Init done
2024-11-20 18:44:26,016 - URBasic_rtdeEvent - ERROR - Lost some RTDE at 4481.048 - 11.999999999716238 milliseconds since last package
2024-11-20 18:44:26,066 - URBasic_rtdeEvent - ERROR - Lost some RTDE at 4481.086 - 10.000000000218279 milliseconds since last package
2024-11-20 18:44:27,192 - URBasic_rtdeEvent - ERROR - Lost some RTDE at 4482.166 - 10.000000000218279 milliseconds since last package
2024-11-20 18:44:27,344 - URBasic_rtdeEvent - ERROR - Lost some RTDE at 4482.3099999999995 - 9.999999999308784 milliseconds since last package
2024-11-20 18:44:28,067 - URBasic_rtdeEvent - ERROR - Lost some RTDE at 4483.005999999999 - 9.999999999308784 milliseconds since last package
2024-11-20 18:44:28,289 - URBasic_rtdeEvent - ERROR - Lost some RTDE at 4483.197999999999 - 9.999999999308784 milliseconds since last package
2024-11-20 18:44:30,915 - URBasic_rtdeEvent - ERROR - Lost some RTDE at 4485.6539999999995 - 9.999999999308784 milliseconds since last package
2024-11-20 18:44:30,957 - URBasic_rtdeEvent - ERROR - Lost some RTDE at 4485.6939999999995 - 9.999999999308784 milliseconds since last package
2024-11-20 18:44:33,726 - URBasic_rtdeEvent - ERROR - Lost some RTDE at 4488.374 - 10.000000000218279 milliseconds since last package
2024-11-20 18:44:33,743 - URBasic_rtdeEvent - INFO - Total packages: 1000
2024-11-20 18:44:34,825 - URBasic_rtdeEvent - ERROR - Lost some RTDE at 4489.382 - 10.000000000218279 milliseconds since last package
2024-11-20 18:44:35,084 - URBasic_rtdeEvent - ERROR - Lost some RTDE at 4489.603999999999 - 15.99999999962165 milliseconds since last package
2024-11-20 18:44:35,126 - URBasic_rtdeEvent - ERROR - Lost some RTDE at 4489.638 - 10.000000000218279 milliseconds since last package
2024-11-20 18:44:35,630 - URBasic_rtdeEvent - ERROR - Lost some RTDE at 4490.11 - 10.000000000218279 milliseconds since last package
2024-11-20 18:44:36,270 - URBasic_rtdeEvent - ERROR - Lost some RTDE at 4490.726 - 10.000000000218279 milliseconds since last package
2024-11-20 18:44:42,162 - URBasic_rtdeEvent - INFO - Total packages: 2000
2024-11-20 18:44:42,726 - URBasic_rtdeEvent - ERROR - Lost some RTDE at 4496.9259999999995 - 9.999999999308784 milliseconds since last package
2024-11-20 18:44:46,628 - URBasic_rtdeEvent - ERROR - Lost some RTDE at 4500.688 - 12.000000000625732 milliseconds since last package
2024-11-20 18:44:50,459 - URBasic_rtdeEvent - INFO - Total packages: 3000
2024-11-20 18:44:51,530 - URBasic_rtdeEvent - ERROR - Lost some RTDE at 4505.454 - 10.000000000218279 milliseconds since last package
2024-11-20 18:44:57,988 - URBasic_rtdeEvent - ERROR - Lost some RTDE at 4511.67 - 10.000000000218279 milliseconds since last package
2024-11-20 18:44:58,609 - URBasic_rtdeEvent - ERROR - Lost some RTDE at 4512.23 - 10.000000000218279 milliseconds since last package
2024-11-20 18:44:58,909 - URBasic_rtdeEvent - INFO - Total packages: 4000
2024-11-20 18:45:00,371 - URBasic_rtdeEvent - ERROR - Lost some RTDE at 4513.83 - 10.000000000218279 milliseconds since last package
2024-11-20 18:45:07,095 - URBasic_rtdeEvent - INFO - Total packages: 5000
2024-11-20 18:45:15,278 - URBasic_rtdeEvent - INFO - Total packages: 6000
2024-11-20 18:45:23,429 - URBasic_rtdeEvent - INFO - Total packages: 7000
2024-11-20 18:45:26,551 - URBasic_rtdeEvent - ERROR - Lost some RTDE at 4539.446 - 10.000000000218279 milliseconds since last package
2024-11-20 18:45:31,621 - URBasic_rtdeEvent - INFO - Total packages: 8000
2024-11-20 18:45:39,777 - URBasic_rtdeEvent - INFO - Total packages: 9000
2024-11-20 18:45:47,911 - URBasic_rtdeEvent - INFO - Total packages: 10000
2024-11-20 18:45:56,102 - URBasic_rtdeEvent - INFO - Total packages: 11000
2024-11-20 18:46:04,264 - URBasic_rtdeEvent - INFO - Total packages: 12000
2024-11-20 18:46:12,509 - URBasic_rtdeEvent - INFO - Total packages: 13000
2024-11-20 18:46:13,010 - URBasic_rtdeEvent - ERROR - Lost some RTDE at 4584.846 - 9.999999999308784 milliseconds since last package
2024-11-20 18:46:13,065 - URBasic_rtdeEvent - ERROR - Lost some RTDE at 4584.894 - 10.000000000218279 milliseconds since last package
2024-11-20 18:46:13,223 - URBasic_rtdeEvent - ERROR - Lost some RTDE at 4585.038 - 10.000000000218279 milliseconds since last package
2024-11-20 18:46:13,305 - URBasic_rtdeEvent - ERROR - Lost some RTDE at 4585.103999999999 - 11.999999999716238 milliseconds since last package
2024-11-20 18:46:13,366 - URBasic_rtdeEvent - ERROR - Lost some RTDE at 4585.1179999999995 - 9.999999999308784 milliseconds since last package
2024-11-20 18:46:13,418 - URBasic_rtdeEvent - ERROR - Lost some RTDE at 4585.148 - 16.000000000531145 milliseconds since last package
2024-11-20 18:46:13,561 - URBasic_rtdeEvent - ERROR - Lost some RTDE at 4585.277999999999 - 9.999999999308784 milliseconds since last package
2024-11-20 18:46:13,720 - URBasic_rtdeEvent - ERROR - Lost some RTDE at 4585.398 - 10.000000000218279 milliseconds since last package
2024-11-20 18:46:13,764 - URBasic_rtdeEvent - ERROR - Lost some RTDE at 4585.438 - 10.000000000218279 milliseconds since last package
2024-11-20 18:46:13,927 - URBasic_rtdeEvent - ERROR - Lost some RTDE at 4585.59 - 10.000000000218279 milliseconds since last package
2024-11-20 18:46:14,199 - URBasic_rtdeEvent - ERROR - Lost some RTDE at 4585.838 - 10.000000000218279 milliseconds since last package
2024-11-20 18:46:15,332 - URBasic_rtdeEvent - ERROR - Lost some RTDE at 4586.91 - 10.000000000218279 milliseconds since last package
2024-11-20 18:46:17,530 - URBasic_rtdeEvent - ERROR - Lost some RTDE at 4589.062 - 10.000000000218279 milliseconds since last package
2024-11-20 18:46:19,592 - URBasic_rtdeEvent - ERROR - Lost some RTDE at 4591.045999999999 - 9.999999999308784 milliseconds since last package
2024-11-20 18:46:21,010 - URBasic_rtdeEvent - INFO - Total packages: 14000
2024-11-20 18:46:24,292 - URBasic_rtdeEvent - ERROR - Lost some RTDE at 4595.55 - 10.000000000218279 milliseconds since last package
2024-11-20 18:46:24,312 - URBasic_rtdeEvent - ERROR - Lost some RTDE at 4595.566 - 10.000000000218279 milliseconds since last package
2024-11-20 18:46:25,354 - URBasic_rtdeEvent - ERROR - Lost some RTDE at 4596.55 - 10.000000000218279 milliseconds since last package
2024-11-20 18:46:29,355 - URBasic_rtdeEvent - INFO - Total packages: 15000
2024-11-20 18:46:29,941 - URBasic_rtdeEvent - ERROR - Lost some RTDE at 4600.9439999999995 - 11.999999999716238 milliseconds since last package
2024-11-20 18:46:29,956 - URBasic_rtdeEvent - ERROR - Lost some RTDE at 4600.958 - 10.000000000218279 milliseconds since last package
2024-11-20 18:46:30,011 - URBasic_rtdeEvent - ERROR - Lost some RTDE at 4600.99 - 10.000000000218279 milliseconds since last package
2024-11-20 18:46:36,890 - URBasic_rtdeEvent - ERROR - Lost some RTDE at 4607.67 - 10.000000000218279 milliseconds since last package
2024-11-20 18:46:37,660 - URBasic_rtdeEvent - INFO - Total packages: 16000
2024-11-20 18:46:42,133 - URBasic_rtdeEvent - ERROR - Lost some RTDE at 4612.414 - 10.000000000218279 milliseconds since last package
2024-11-20 18:46:46,238 - URBasic_rtdeEvent - INFO - Total packages: 17000
2024-11-20 18:46:54,450 - URBasic_rtdeEvent - INFO - Total packages: 18000
2024-11-20 18:46:59,938 - URBasic_rtdeEvent - ERROR - Lost some RTDE at 4629.726 - 10.000000000218279 milliseconds since last package
2024-11-20 18:47:02,709 - URBasic_rtdeEvent - INFO - Total packages: 19000
2024-11-20 18:47:10,869 - URBasic_rtdeEvent - INFO - Total packages: 20000
2024-11-20 18:47:19,030 - URBasic_rtdeEvent - INFO - Total packages: 21000
2024-11-20 18:47:20,809 - URBasic_rtdeEvent - ERROR - Lost some RTDE at 4650.094 - 10.000000000218279 milliseconds since last package
