2024-11-22 22:59:01,708 - URBasic_robotModelEvent - INFO - Init done
2024-11-22 22:59:02,213 - URBasic_realTimeClientEvent - INFO - Connected
2024-11-22 22:59:02,213 - URBasic_realTimeClientEvent - INFO - RT_CLient constructor done
2024-11-22 22:59:02,215 - URBasic_dataLogEvent - INFO - DataLog constructor done
2024-11-22 22:59:02,216 - URBasic_rtdeEvent - INFO - RTDE constructor done
2024-11-22 22:59:02,728 - URBasic_dashboardEvent - INFO - Connected
2024-11-22 22:59:02,728 - URBasic_dashboardEvent - INFO - UR Dashboard respond Connected: Universal Robots Dashboard Server
2024-11-22 22:59:02,729 - URBasic_dashboardEvent - INFO - Dashboard server constructor done
2024-11-22 22:59:02,729 - URBasic_robotConnectorEvent - INFO - Init done
2024-11-22 22:59:03,468 - URBasic_rtdeEvent - INFO - Controller version: 5.18.1-0
2024-11-22 22:59:03,488 - URBasic_rtdeEvent - INFO - RTDE started
2024-11-22 22:59:03,735 - URBasic_urScriptEvent - INFO - Init done
2024-11-22 22:59:03,766 - URBasic_urScriptExtEvent - INFO - Init done
2024-11-22 22:59:09,262 - URBasic_rtdeEvent - ERROR - Lost some RTDE at 2435.196 - 10.000000000218279 milliseconds since last package
2024-11-22 22:59:09,380 - URBasic_rtdeEvent - ERROR - Lost some RTDE at 2435.228 - 10.000000000218279 milliseconds since last package
2024-11-22 22:59:11,752 - URBasic_rtdeEvent - INFO - Total packages: 1000
2024-11-22 22:59:19,944 - URBasic_rtdeEvent - INFO - Total packages: 2000
2024-11-22 22:59:28,118 - URBasic_rtdeEvent - INFO - Total packages: 3000
2024-11-22 22:59:36,248 - URBasic_rtdeEvent - INFO - Total packages: 4000
2024-11-22 22:59:44,368 - URBasic_rtdeEvent - INFO - Total packages: 5000
2024-11-22 22:59:51,399 - URBasic_rtdeEvent - ERROR - Lost some RTDE at 2476.46 - 10.000000000218279 milliseconds since last package
2024-11-22 22:59:52,509 - URBasic_rtdeEvent - INFO - Total packages: 6000
2024-11-22 23:00:00,639 - URBasic_rtdeEvent - INFO - Total packages: 7000
2024-11-22 23:00:08,759 - URBasic_rtdeEvent - INFO - Total packages: 8000
2024-11-22 23:00:13,879 - URBasic_rtdeEvent - ERROR - Lost some RTDE at 2498.58 - 10.000000000218279 milliseconds since last package
2024-11-22 23:00:15,784 - URBasic_rtdeEvent - ERROR - Lost some RTDE at 2500.4359999999997 - 9.999999999763531 milliseconds since last package
2024-11-22 23:00:16,898 - URBasic_rtdeEvent - INFO - Total packages: 9000
2024-11-22 23:00:25,028 - URBasic_rtdeEvent - INFO - Total packages: 10000
2024-11-22 23:00:26,079 - URBasic_rtdeEvent - ERROR - Lost some RTDE at 2510.58 - 10.000000000218279 milliseconds since last package
2024-11-22 23:00:33,148 - URBasic_rtdeEvent - INFO - Total packages: 11000
2024-11-22 23:00:38,439 - URBasic_rtdeEvent - ERROR - Lost some RTDE at 2522.74 - 9.999999999763531 milliseconds since last package
2024-11-22 23:00:41,288 - URBasic_rtdeEvent - INFO - Total packages: 12000
2024-11-22 23:00:49,418 - URBasic_rtdeEvent - INFO - Total packages: 13000
2024-11-22 23:00:57,537 - URBasic_rtdeEvent - INFO - Total packages: 14000
2024-11-22 23:01:01,221 - URBasic_rtdeEvent - ERROR - Lost some RTDE at 2545.156 - 10.000000000218279 milliseconds since last package
2024-11-22 23:01:01,258 - URBasic_rtdeEvent - ERROR - Lost some RTDE at 2545.182 - 19.99999999998181 milliseconds since last package
2024-11-22 23:01:05,664 - URBasic_rtdeEvent - ERROR - Lost some RTDE at 2549.5 - 10.000000000218279 milliseconds since last package
2024-11-22 23:01:05,701 - URBasic_rtdeEvent - INFO - Total packages: 15000
2024-11-22 23:01:06,370 - URBasic_rtdeEvent - ERROR - Lost some RTDE at 2550.172 - 10.000000000218279 milliseconds since last package
2024-11-22 23:01:11,743 - URBasic_rtdeEvent - ERROR - Lost some RTDE at 2555.372 - 9.999999999763531 milliseconds since last package
2024-11-22 23:01:11,805 - URBasic_rtdeEvent - ERROR - Lost some RTDE at 2555.428 - 10.000000000218279 milliseconds since last package
2024-11-22 23:01:11,839 - URBasic_rtdeEvent - ERROR - Lost some RTDE at 2555.4539999999997 - 11.999999999716238 milliseconds since last package
2024-11-22 23:01:12,571 - URBasic_rtdeEvent - ERROR - Lost some RTDE at 2556.116 - 10.000000000218279 milliseconds since last package
2024-11-22 23:01:14,018 - URBasic_rtdeEvent - INFO - Total packages: 16000
2024-11-22 23:01:16,204 - URBasic_rtdeEvent - ERROR - Lost some RTDE at 2559.66 - 9.999999999763531 milliseconds since last package
2024-11-22 23:01:22,297 - URBasic_rtdeEvent - INFO - Total packages: 17000
2024-11-22 23:01:30,477 - URBasic_rtdeEvent - INFO - Total packages: 18000
2024-11-22 23:01:34,599 - URBasic_rtdeEvent - ERROR - Lost some RTDE at 2577.604 - 9.999999999763531 milliseconds since last package
2024-11-22 23:01:38,624 - URBasic_rtdeEvent - INFO - Total packages: 19000
2024-11-22 23:01:46,756 - URBasic_rtdeEvent - INFO - Total packages: 20000
2024-11-22 23:01:54,865 - URBasic_rtdeEvent - INFO - Total packages: 21000
2024-11-22 23:02:03,028 - URBasic_rtdeEvent - INFO - Total packages: 22000
2024-11-22 23:02:11,231 - URBasic_rtdeEvent - INFO - Total packages: 23000
2024-11-22 23:02:15,498 - URBasic_rtdeEvent - ERROR - Lost some RTDE at 2617.692 - 10.000000000218279 milliseconds since last package
2024-11-22 23:02:19,531 - URBasic_rtdeEvent - INFO - Total packages: 24000
2024-11-22 23:02:27,759 - URBasic_rtdeEvent - INFO - Total packages: 25000
