2024-11-22 23:12:51,827 - URBasic_robotModelEvent - INFO - Init done
2024-11-22 23:12:52,425 - URBasic_realTimeClientEvent - INFO - Connected
2024-11-22 23:12:52,425 - URBasic_realTimeClientEvent - INFO - RT_CLient constructor done
2024-11-22 23:12:52,428 - URBasic_dataLogEvent - INFO - DataLog constructor done
2024-11-22 23:12:52,429 - URBasic_rtdeEvent - INFO - RTDE constructor done
2024-11-22 23:12:52,939 - URBasic_dashboardEvent - INFO - Connected
2024-11-22 23:12:52,939 - URBasic_dashboardEvent - INFO - UR Dashboard respond Connected: Universal Robots Dashboard Server
2024-11-22 23:12:52,940 - URBasic_dashboardEvent - INFO - Dashboard server constructor done
2024-11-22 23:12:52,940 - URBasic_robotConnectorEvent - INFO - Init done
2024-11-22 23:12:53,345 - URBasic_rtdeEvent - INFO - Controller version: 5.18.1-0
2024-11-22 23:12:53,378 - URBasic_rtdeEvent - INFO - RTDE started
2024-11-22 23:12:53,953 - URBasic_urScriptEvent - INFO - Init done
2024-11-22 23:12:54,000 - URBasic_urScriptExtEvent - INFO - Init done
2024-11-22 23:13:00,693 - URBasic_rtdeEvent - ERROR - Lost some RTDE at 3250.2 - 9.999999999763531 milliseconds since last package
2024-11-22 23:13:00,746 - URBasic_rtdeEvent - ERROR - Lost some RTDE at 3250.248 - 10.000000000218279 milliseconds since last package
2024-11-22 23:13:01,534 - URBasic_rtdeEvent - INFO - Total packages: 1000
2024-11-22 23:13:02,730 - URBasic_rtdeEvent - ERROR - Lost some RTDE at 3252.176 - 10.000000000218279 milliseconds since last package
2024-11-22 23:13:03,070 - URBasic_rtdeEvent - ERROR - Lost some RTDE at 3252.488 - 9.999999999763531 milliseconds since last package
2024-11-22 23:13:03,334 - URBasic_rtdeEvent - ERROR - Lost some RTDE at 3252.7439999999997 - 9.999999999763531 milliseconds since last package
2024-11-22 23:13:09,728 - URBasic_rtdeEvent - INFO - Total packages: 2000
2024-11-22 23:13:17,858 - URBasic_rtdeEvent - INFO - Total packages: 3000
2024-11-22 23:13:26,075 - URBasic_rtdeEvent - INFO - Total packages: 4000
2024-11-22 23:13:28,077 - URBasic_rtdeEvent - ERROR - Lost some RTDE at 3276.96 - 10.000000000218279 milliseconds since last package
2024-11-22 23:13:29,333 - URBasic_rtdeEvent - ERROR - Lost some RTDE at 3278.1679999999997 - 9.999999999763531 milliseconds since last package
2024-11-22 23:13:30,749 - URBasic_rtdeEvent - ERROR - Lost some RTDE at 3279.536 - 10.000000000218279 milliseconds since last package
2024-11-22 23:13:30,767 - URBasic_rtdeEvent - ERROR - Lost some RTDE at 3279.5519999999997 - 9.999999999763531 milliseconds since last package
2024-11-22 23:13:31,185 - URBasic_rtdeEvent - ERROR - Lost some RTDE at 3279.92 - 10.000000000218279 milliseconds since last package
2024-11-22 23:13:33,824 - URBasic_rtdeEvent - ERROR - Lost some RTDE at 3282.4559999999997 - 9.999999999763531 milliseconds since last package
2024-11-22 23:13:34,402 - URBasic_rtdeEvent - INFO - Total packages: 5000
2024-11-22 23:13:36,332 - URBasic_rtdeEvent - ERROR - Lost some RTDE at 3284.8799999999997 - 9.999999999763531 milliseconds since last package
