2024-11-23 00:05:31,357 - URBasic_robotModelEvent - INFO - Init done
2024-11-23 00:05:31,874 - URBasic_realTimeClientEvent - INFO - Connected
2024-11-23 00:05:31,874 - URBasic_realTimeClientEvent - INFO - RT_CLient constructor done
2024-11-23 00:05:31,877 - URBasic_dataLogEvent - INFO - DataLog constructor done
2024-11-23 00:05:31,878 - URBasic_rtdeEvent - INFO - RTDE constructor done
2024-11-23 00:05:32,392 - URBasic_dashboardEvent - INFO - Connected
2024-11-23 00:05:32,392 - URBasic_dashboardEvent - INFO - UR Dashboard respond Connected: Universal Robots Dashboard Server
2024-11-23 00:05:32,393 - URBasic_dashboardEvent - INFO - Dashboard server constructor done
2024-11-23 00:05:32,394 - URBasic_robotConnectorEvent - INFO - Init done
2024-11-23 00:05:33,245 - URBasic_rtdeEvent - INFO - Controller version: 5.18.1-0
2024-11-23 00:05:33,278 - URBasic_rtdeEvent - INFO - RTDE started
2024-11-23 00:05:33,402 - URBasic_urScriptEvent - INFO - Init done
2024-11-23 00:05:33,433 - URBasic_urScriptExtEvent - INFO - Init done
2024-11-23 00:05:33,607 - URBasic_rtdeEvent - ERROR - Lost some RTDE at 6343.107999999999 - 9.999999999308784 milliseconds since last package
2024-11-23 00:05:36,464 - URBasic_rtdeEvent - ERROR - Lost some RTDE at 6345.804 - 10.000000000218279 milliseconds since last package
2024-11-23 00:05:36,487 - URBasic_rtdeEvent - ERROR - Lost some RTDE at 6345.813999999999 - 9.999999999308784 milliseconds since last package
2024-11-23 00:05:36,548 - URBasic_rtdeEvent - ERROR - Lost some RTDE at 6345.844 - 10.000000000218279 milliseconds since last package
2024-11-23 00:05:41,615 - URBasic_rtdeEvent - INFO - Total packages: 1000
2024-11-23 00:05:46,470 - URBasic_rtdeEvent - ERROR - Lost some RTDE at 6355.516 - 10.000000000218279 milliseconds since last package
2024-11-23 00:05:49,799 - URBasic_rtdeEvent - INFO - Total packages: 2000
2024-11-23 00:05:53,527 - URBasic_rtdeEvent - ERROR - Lost some RTDE at 6362.46 - 10.000000000218279 milliseconds since last package
2024-11-23 00:05:53,553 - URBasic_rtdeEvent - ERROR - Lost some RTDE at 6362.4839999999995 - 9.999999999308784 milliseconds since last package
2024-11-23 00:05:57,959 - URBasic_rtdeEvent - INFO - Total packages: 3000
2024-11-23 00:05:58,959 - URBasic_rtdeEvent - ERROR - Lost some RTDE at 6367.795999999999 - 9.999999999308784 milliseconds since last package
2024-11-23 00:06:04,873 - URBasic_rtdeEvent - ERROR - Lost some RTDE at 6373.62 - 10.000000000218279 milliseconds since last package
2024-11-23 00:06:06,078 - URBasic_rtdeEvent - INFO - Total packages: 4000
2024-11-23 00:06:14,198 - URBasic_rtdeEvent - INFO - Total packages: 5000
2024-11-23 00:06:22,298 - URBasic_rtdeEvent - INFO - Total packages: 6000
2024-11-23 00:06:30,405 - URBasic_rtdeEvent - INFO - Total packages: 7000
2024-11-23 00:06:38,552 - URBasic_rtdeEvent - INFO - Total packages: 8000
2024-11-23 00:06:46,653 - URBasic_rtdeEvent - INFO - Total packages: 9000
2024-11-23 00:06:54,758 - URBasic_rtdeEvent - INFO - Total packages: 10000
2024-11-23 00:07:02,871 - URBasic_rtdeEvent - INFO - Total packages: 11000
2024-11-23 00:07:10,977 - URBasic_rtdeEvent - INFO - Total packages: 12000
2024-11-23 00:07:19,148 - URBasic_rtdeEvent - INFO - Total packages: 13000
2024-11-23 00:07:19,604 - URBasic_rtdeEvent - ERROR - Lost some RTDE at 6447.259999999999 - 9.999999999308784 milliseconds since last package
2024-11-23 00:07:27,259 - URBasic_rtdeEvent - INFO - Total packages: 14000
2024-11-23 00:07:35,360 - URBasic_rtdeEvent - INFO - Total packages: 15000
2024-11-23 00:07:40,977 - URBasic_rtdeEvent - ERROR - Lost some RTDE at 6468.284 - 10.000000000218279 milliseconds since last package
2024-11-23 00:07:43,547 - URBasic_rtdeEvent - INFO - Total packages: 16000
2024-11-23 00:07:51,659 - URBasic_rtdeEvent - INFO - Total packages: 17000
2024-11-23 00:07:59,807 - URBasic_rtdeEvent - INFO - Total packages: 18000
2024-11-23 00:08:07,928 - URBasic_rtdeEvent - INFO - Total packages: 19000
2024-11-23 00:08:16,051 - URBasic_rtdeEvent - INFO - Total packages: 20000
2024-11-23 00:08:24,188 - URBasic_rtdeEvent - INFO - Total packages: 21000
2024-11-23 00:08:32,300 - URBasic_rtdeEvent - INFO - Total packages: 22000
2024-11-23 00:08:37,419 - URBasic_rtdeEvent - ERROR - Lost some RTDE at 6523.804 - 10.000000000218279 milliseconds since last package
2024-11-23 00:08:40,478 - URBasic_rtdeEvent - INFO - Total packages: 23000
2024-11-23 00:08:48,566 - URBasic_rtdeEvent - INFO - Total packages: 24000
2024-11-23 00:08:56,706 - URBasic_rtdeEvent - INFO - Total packages: 25000
2024-11-23 00:08:59,023 - URBasic_rtdeEvent - ERROR - Lost some RTDE at 6545.052 - 10.000000000218279 milliseconds since last package
2024-11-23 00:09:01,825 - URBasic_rtdeEvent - ERROR - Lost some RTDE at 6547.748 - 10.000000000218279 milliseconds since last package
2024-11-23 00:09:04,963 - URBasic_rtdeEvent - INFO - Total packages: 26000
