2024-11-22 23:02:48,160 - URBasic_robotModelEvent - INFO - Init done
2024-11-22 23:02:48,665 - URBasic_realTimeClientEvent - INFO - Connected
2024-11-22 23:02:48,665 - URBasic_realTimeClientEvent - INFO - RT_CLient constructor done
2024-11-22 23:02:48,667 - URBasic_dataLogEvent - INFO - DataLog constructor done
2024-11-22 23:02:48,668 - URBasic_rtdeEvent - INFO - RTDE constructor done
2024-11-22 23:02:49,181 - URBasic_dashboardEvent - INFO - Connected
2024-11-22 23:02:49,181 - URBasic_dashboardEvent - INFO - UR Dashboard respond Connected: Universal Robots Dashboard Server
2024-11-22 23:02:49,182 - URBasic_dashboardEvent - INFO - Dashboard server constructor done
2024-11-22 23:02:49,182 - URBasic_robotConnectorEvent - INFO - Init done
2024-11-22 23:02:49,598 - URBasic_rtdeEvent - INFO - Controller version: 5.18.1-0
2024-11-22 23:02:49,634 - URBasic_rtdeEvent - INFO - RTDE started
2024-11-22 23:02:50,196 - URBasic_urScriptEvent - INFO - Init done
2024-11-22 23:02:50,226 - URBasic_urScriptExtEvent - INFO - Init done
2024-11-22 23:02:57,784 - URBasic_rtdeEvent - INFO - Total packages: 1000
2024-11-22 23:03:05,888 - URBasic_rtdeEvent - INFO - Total packages: 2000
2024-11-22 23:03:14,001 - URBasic_rtdeEvent - INFO - Total packages: 3000
2024-11-22 23:03:18,659 - URBasic_rtdeEvent - ERROR - Lost some RTDE at 2679.288 - 10.000000000218279 milliseconds since last package
2024-11-22 23:03:22,275 - URBasic_rtdeEvent - INFO - Total packages: 4000
2024-11-22 23:03:23,076 - URBasic_rtdeEvent - ERROR - Lost some RTDE at 2683.576 - 10.000000000218279 milliseconds since last package
2024-11-22 23:03:30,402 - URBasic_rtdeEvent - INFO - Total packages: 5000
2024-11-22 23:03:31,179 - URBasic_rtdeEvent - ERROR - Lost some RTDE at 2691.5679999999998 - 9.999999999763531 milliseconds since last package
2024-11-22 23:03:38,543 - URBasic_rtdeEvent - INFO - Total packages: 6000
2024-11-22 23:03:46,658 - URBasic_rtdeEvent - INFO - Total packages: 7000
2024-11-22 23:03:52,777 - URBasic_rtdeEvent - ERROR - Lost some RTDE at 2712.848 - 10.000000000218279 milliseconds since last package
2024-11-22 23:03:54,770 - URBasic_rtdeEvent - INFO - Total packages: 8000
2024-11-22 23:04:02,896 - URBasic_rtdeEvent - INFO - Total packages: 9000
2024-11-22 23:04:11,018 - URBasic_rtdeEvent - INFO - Total packages: 10000
2024-11-22 23:04:17,913 - URBasic_rtdeEvent - ERROR - Lost some RTDE at 2737.584 - 9.999999999763531 milliseconds since last package
2024-11-22 23:04:17,958 - URBasic_rtdeEvent - ERROR - Lost some RTDE at 2737.616 - 10.000000000218279 milliseconds since last package
2024-11-22 23:04:19,173 - URBasic_rtdeEvent - INFO - Total packages: 11000
2024-11-22 23:04:27,264 - URBasic_rtdeEvent - INFO - Total packages: 12000
2024-11-22 23:04:35,378 - URBasic_rtdeEvent - INFO - Total packages: 13000
2024-11-22 23:04:43,498 - URBasic_rtdeEvent - INFO - Total packages: 14000
2024-11-22 23:04:45,493 - URBasic_rtdeEvent - ERROR - Lost some RTDE at 2764.754 - 12.000000000170985 milliseconds since last package
2024-11-22 23:04:46,065 - URBasic_rtdeEvent - ERROR - Lost some RTDE at 2765.304 - 10.000000000218279 milliseconds since last package
2024-11-22 23:04:51,645 - URBasic_rtdeEvent - INFO - Total packages: 15000
2024-11-22 23:04:59,760 - URBasic_rtdeEvent - INFO - Total packages: 16000
2024-11-22 23:05:04,050 - URBasic_rtdeEvent - ERROR - Lost some RTDE at 2783.04 - 10.000000000218279 milliseconds since last package
2024-11-22 23:05:07,878 - URBasic_rtdeEvent - INFO - Total packages: 17000
2024-11-22 23:05:15,980 - URBasic_rtdeEvent - INFO - Total packages: 18000
2024-11-22 23:05:17,413 - URBasic_rtdeEvent - ERROR - Lost some RTDE at 2796.216 - 10.000000000218279 milliseconds since last package
2024-11-22 23:05:17,432 - URBasic_rtdeEvent - ERROR - Lost some RTDE at 2796.2259999999997 - 9.999999999763531 milliseconds since last package
2024-11-22 23:05:23,828 - URBasic_rtdeEvent - ERROR - Lost some RTDE at 2802.52 - 10.000000000218279 milliseconds since last package
2024-11-22 23:05:24,126 - URBasic_rtdeEvent - INFO - Total packages: 19000
2024-11-22 23:05:30,349 - URBasic_rtdeEvent - ERROR - Lost some RTDE at 2808.928 - 10.000000000218279 milliseconds since last package
2024-11-22 23:05:31,443 - URBasic_rtdeEvent - ERROR - Lost some RTDE at 2809.984 - 10.000000000218279 milliseconds since last package
2024-11-22 23:05:31,523 - URBasic_rtdeEvent - ERROR - Lost some RTDE at 2810.056 - 10.000000000218279 milliseconds since last package
2024-11-22 23:05:32,285 - URBasic_rtdeEvent - INFO - Total packages: 20000
2024-11-22 23:05:40,452 - URBasic_rtdeEvent - INFO - Total packages: 21000
2024-11-22 23:05:48,567 - URBasic_rtdeEvent - INFO - Total packages: 22000
2024-11-22 23:05:53,000 - URBasic_rtdeEvent - ERROR - Lost some RTDE at 2831.144 - 9.999999999763531 milliseconds since last package
2024-11-22 23:05:56,723 - URBasic_rtdeEvent - INFO - Total packages: 23000
2024-11-22 23:05:57,131 - URBasic_rtdeEvent - ERROR - Lost some RTDE at 2835.2 - 9.999999999763531 milliseconds since last package
2024-11-22 23:06:04,844 - URBasic_rtdeEvent - INFO - Total packages: 24000
2024-11-22 23:06:12,990 - URBasic_rtdeEvent - INFO - Total packages: 25000
2024-11-22 23:06:21,194 - URBasic_rtdeEvent - INFO - Total packages: 26000
2024-11-22 23:06:29,347 - URBasic_rtdeEvent - INFO - Total packages: 27000
2024-11-22 23:06:37,455 - URBasic_rtdeEvent - INFO - Total packages: 28000
2024-11-22 23:06:45,620 - URBasic_rtdeEvent - INFO - Total packages: 29000
2024-11-22 23:06:53,744 - URBasic_rtdeEvent - INFO - Total packages: 30000
2024-11-22 23:07:01,875 - URBasic_rtdeEvent - INFO - Total packages: 31000
2024-11-22 23:07:10,028 - URBasic_rtdeEvent - INFO - Total packages: 32000
2024-11-22 23:07:10,474 - URBasic_rtdeEvent - ERROR - Lost some RTDE at 2907.232 - 10.000000000218279 milliseconds since last package
2024-11-22 23:07:18,158 - URBasic_rtdeEvent - ERROR - Lost some RTDE at 2914.7039999999997 - 9.999999999763531 milliseconds since last package
2024-11-22 23:07:18,260 - URBasic_rtdeEvent - INFO - Total packages: 33000
2024-11-22 23:07:23,979 - URBasic_rtdeEvent - ERROR - Lost some RTDE at 2920.2799999999997 - 9.999999999763531 milliseconds since last package
2024-11-22 23:07:26,708 - URBasic_rtdeEvent - INFO - Total packages: 34000
2024-11-22 23:07:29,337 - URBasic_rtdeEvent - ERROR - Lost some RTDE at 2925.304 - 10.000000000218279 milliseconds since last package
2024-11-22 23:07:29,647 - URBasic_rtdeEvent - ERROR - Lost some RTDE at 2925.6 - 10.000000000218279 milliseconds since last package
2024-11-22 23:07:30,753 - URBasic_rtdeEvent - ERROR - Lost some RTDE at 2926.6639999999998 - 9.999999999763531 milliseconds since last package
2024-11-22 23:07:31,908 - URBasic_rtdeEvent - ERROR - Lost some RTDE at 2927.776 - 9.999999999763531 milliseconds since last package
2024-11-22 23:07:35,119 - URBasic_rtdeEvent - INFO - Total packages: 35000
2024-11-22 23:07:43,304 - URBasic_rtdeEvent - INFO - Total packages: 36000
2024-11-22 23:07:45,963 - URBasic_rtdeEvent - ERROR - Lost some RTDE at 2941.312 - 10.000000000218279 milliseconds since last package
2024-11-22 23:07:48,840 - URBasic_rtdeEvent - ERROR - Lost some RTDE at 2944.0719999999997 - 9.999999999763531 milliseconds since last package
2024-11-22 23:07:50,219 - URBasic_rtdeEvent - ERROR - Lost some RTDE at 2945.408 - 10.000000000218279 milliseconds since last package
2024-11-22 23:07:51,640 - URBasic_rtdeEvent - INFO - Total packages: 37000
2024-11-22 23:07:59,832 - URBasic_rtdeEvent - INFO - Total packages: 38000
