2024-11-20 17:55:46,944 - URBasic_robotModelEvent - INFO - Init done
2024-11-20 17:55:47,453 - URBasic_realTimeClientEvent - INFO - Connected
2024-11-20 17:55:47,453 - URBasic_realTimeClientEvent - INFO - RT_CLient constructor done
2024-11-20 17:55:47,455 - URBasic_dataLogEvent - INFO - DataLog constructor done
2024-11-20 17:55:47,456 - URBasic_rtdeEvent - INFO - RTDE constructor done
2024-11-20 17:55:47,980 - URBasic_dashboardEvent - INFO - Connected
2024-11-20 17:55:47,981 - URBasic_dashboardEvent - INFO - UR Dashboard respond Connected: Universal Robots Dashboard Server
2024-11-20 17:55:47,982 - URBasic_dashboardEvent - INFO - Dashboard server constructor done
2024-11-20 17:55:47,983 - URBasic_robotConnectorEvent - INFO - Init done
2024-11-20 17:55:48,395 - URBasic_rtdeEvent - INFO - Controller version: 5.18.1-0
2024-11-20 17:55:48,463 - URBasic_rtdeEvent - INFO - RTDE started
2024-11-20 17:55:48,969 - URBasic_rtdeEvent - ERROR - Lost some RTDE at 1667.0939999999998 - 9.999999999990905 milliseconds since last package
2024-11-20 17:55:48,995 - URBasic_urScriptEvent - INFO - Init done
2024-11-20 17:55:49,041 - URBasic_urScriptExtEvent - INFO - Init done
2024-11-20 17:55:56,626 - URBasic_rtdeEvent - INFO - Total packages: 1000
2024-11-20 17:56:01,426 - URBasic_rtdeEvent - ERROR - Lost some RTDE at 1679.1979999999999 - 9.999999999990905 milliseconds since last package
2024-11-20 17:56:01,486 - URBasic_rtdeEvent - ERROR - Lost some RTDE at 1679.2459999999999 - 9.999999999990905 milliseconds since last package
2024-11-20 17:56:01,909 - URBasic_rtdeEvent - ERROR - Lost some RTDE at 1679.606 - 9.999999999990905 milliseconds since last package
2024-11-20 17:56:05,042 - URBasic_rtdeEvent - INFO - Total packages: 2000
2024-11-20 17:56:05,551 - URBasic_rtdeEvent - ERROR - Lost some RTDE at 1683.0559999999998 - 11.999999999943611 milliseconds since last package
2024-11-20 17:56:05,847 - URBasic_rtdeEvent - ERROR - Lost some RTDE at 1683.3419999999999 - 9.999999999990905 milliseconds since last package
2024-11-20 17:56:07,232 - URBasic_rtdeEvent - ERROR - Lost some RTDE at 1684.654 - 9.999999999990905 milliseconds since last package
2024-11-20 17:56:08,540 - URBasic_rtdeEvent - ERROR - Lost some RTDE at 1685.918 - 9.999999999990905 milliseconds since last package
2024-11-20 17:56:10,793 - URBasic_rtdeEvent - ERROR - Lost some RTDE at 1688.038 - 9.999999999990905 milliseconds since last package
2024-11-20 17:56:10,846 - URBasic_rtdeEvent - ERROR - Lost some RTDE at 1688.086 - 9.999999999990905 milliseconds since last package
2024-11-20 17:56:11,614 - URBasic_rtdeEvent - ERROR - Lost some RTDE at 1688.8059999999998 - 9.999999999990905 milliseconds since last package
2024-11-20 17:56:11,714 - URBasic_rtdeEvent - ERROR - Lost some RTDE at 1688.878 - 9.999999999990905 milliseconds since last package
2024-11-20 17:56:13,261 - URBasic_rtdeEvent - ERROR - Lost some RTDE at 1690.2939999999999 - 9.999999999990905 milliseconds since last package
2024-11-20 17:56:13,601 - URBasic_rtdeEvent - ERROR - Lost some RTDE at 1690.5739999999998 - 9.999999999990905 milliseconds since last package
2024-11-20 17:56:13,613 - URBasic_rtdeEvent - INFO - Total packages: 3000
2024-11-20 17:56:13,613 - URBasic_rtdeEvent - ERROR - Lost some RTDE at 1690.5839999999998 - 9.999999999990905 milliseconds since last package
2024-11-20 17:56:13,680 - URBasic_rtdeEvent - ERROR - Lost some RTDE at 1690.6219999999998 - 9.999999999990905 milliseconds since last package
2024-11-20 17:56:13,750 - URBasic_rtdeEvent - ERROR - Lost some RTDE at 1690.6799999999998 - 11.999999999943611 milliseconds since last package
2024-11-20 17:56:13,802 - URBasic_rtdeEvent - ERROR - Lost some RTDE at 1690.7179999999998 - 9.999999999990905 milliseconds since last package
2024-11-20 17:56:13,869 - URBasic_rtdeEvent - ERROR - Lost some RTDE at 1690.7659999999998 - 9.999999999990905 milliseconds since last package
2024-11-20 17:56:13,925 - URBasic_rtdeEvent - ERROR - Lost some RTDE at 1690.79 - 18.000000000029104 milliseconds since last package
2024-11-20 17:56:13,947 - URBasic_rtdeEvent - ERROR - Lost some RTDE at 1690.8 - 9.999999999990905 milliseconds since last package
2024-11-20 17:56:14,066 - URBasic_rtdeEvent - ERROR - Lost some RTDE at 1690.9019999999998 - 9.999999999990905 milliseconds since last package
2024-11-20 17:56:14,105 - URBasic_rtdeEvent - ERROR - Lost some RTDE at 1690.934 - 9.999999999990905 milliseconds since last package
2024-11-20 17:56:14,168 - URBasic_rtdeEvent - ERROR - Lost some RTDE at 1690.964 - 16.000000000076398 milliseconds since last package
2024-11-20 17:56:14,288 - URBasic_rtdeEvent - ERROR - Lost some RTDE at 1691.07 - 9.999999999990905 milliseconds since last package
2024-11-20 17:56:14,541 - URBasic_rtdeEvent - ERROR - Lost some RTDE at 1691.222 - 9.999999999990905 milliseconds since last package
2024-11-20 17:56:16,306 - URBasic_rtdeEvent - ERROR - Lost some RTDE at 1692.8619999999999 - 9.999999999990905 milliseconds since last package
2024-11-20 17:56:16,446 - URBasic_rtdeEvent - ERROR - Lost some RTDE at 1692.974 - 9.999999999990905 milliseconds since last package
2024-11-20 17:56:16,524 - URBasic_rtdeEvent - ERROR - Lost some RTDE at 1693.022 - 9.999999999990905 milliseconds since last package
2024-11-20 17:56:16,567 - URBasic_rtdeEvent - ERROR - Lost some RTDE at 1693.0459999999998 - 9.999999999990905 milliseconds since last package
2024-11-20 17:56:16,594 - URBasic_rtdeEvent - ERROR - Lost some RTDE at 1693.062 - 9.999999999990905 milliseconds since last package
2024-11-20 17:56:16,679 - URBasic_rtdeEvent - ERROR - Lost some RTDE at 1693.134 - 9.999999999990905 milliseconds since last package
2024-11-20 17:56:16,755 - URBasic_rtdeEvent - ERROR - Lost some RTDE at 1693.1979999999999 - 9.999999999990905 milliseconds since last package
2024-11-20 17:56:16,780 - URBasic_rtdeEvent - ERROR - Lost some RTDE at 1693.222 - 9.999999999990905 milliseconds since last package
2024-11-20 17:56:16,913 - URBasic_rtdeEvent - ERROR - Lost some RTDE at 1693.3419999999999 - 9.999999999990905 milliseconds since last package
2024-11-20 17:56:17,462 - URBasic_rtdeEvent - ERROR - Lost some RTDE at 1693.8619999999999 - 9.999999999990905 milliseconds since last package
2024-11-20 17:56:18,346 - URBasic_rtdeEvent - ERROR - Lost some RTDE at 1694.6779999999999 - 9.999999999990905 milliseconds since last package
2024-11-20 17:56:19,609 - URBasic_rtdeEvent - ERROR - Lost some RTDE at 1695.878 - 9.999999999990905 milliseconds since last package
2024-11-20 17:56:22,440 - URBasic_rtdeEvent - INFO - Total packages: 4000
2024-11-20 17:56:23,384 - URBasic_rtdeEvent - ERROR - Lost some RTDE at 1699.454 - 9.999999999990905 milliseconds since last package
2024-11-20 17:56:25,250 - URBasic_rtdeEvent - ERROR - Lost some RTDE at 1701.206 - 9.999999999990905 milliseconds since last package
2024-11-20 17:56:26,894 - URBasic_rtdeEvent - ERROR - Lost some RTDE at 1702.774 - 9.999999999990905 milliseconds since last package
2024-11-20 17:56:26,936 - URBasic_rtdeEvent - ERROR - Lost some RTDE at 1702.8059999999998 - 9.999999999990905 milliseconds since last package
2024-11-20 17:56:26,954 - URBasic_rtdeEvent - ERROR - Lost some RTDE at 1702.816 - 10.000000000218279 milliseconds since last package
2024-11-20 17:56:27,021 - URBasic_rtdeEvent - ERROR - Lost some RTDE at 1702.878 - 9.999999999990905 milliseconds since last package
2024-11-20 17:56:27,142 - URBasic_rtdeEvent - ERROR - Lost some RTDE at 1702.99 - 9.999999999990905 milliseconds since last package
2024-11-20 17:56:29,012 - URBasic_rtdeEvent - ERROR - Lost some RTDE at 1704.768 - 12.000000000170985 milliseconds since last package
2024-11-20 17:56:29,836 - URBasic_rtdeEvent - ERROR - Lost some RTDE at 1705.5339999999999 - 9.999999999990905 milliseconds since last package
2024-11-20 17:56:29,861 - URBasic_rtdeEvent - ERROR - Lost some RTDE at 1705.558 - 9.999999999990905 milliseconds since last package
2024-11-20 17:56:30,379 - URBasic_rtdeEvent - ERROR - Lost some RTDE at 1705.9979999999998 - 9.999999999990905 milliseconds since last package
2024-11-20 17:56:31,001 - URBasic_rtdeEvent - INFO - Total packages: 5000
2024-11-20 17:56:32,048 - URBasic_rtdeEvent - ERROR - Lost some RTDE at 1707.606 - 9.999999999990905 milliseconds since last package
2024-11-20 17:56:32,077 - URBasic_rtdeEvent - ERROR - Lost some RTDE at 1707.6299999999999 - 9.999999999990905 milliseconds since last package
2024-11-20 17:56:33,612 - URBasic_rtdeEvent - ERROR - Lost some RTDE at 1709.11 - 9.999999999990905 milliseconds since last package
2024-11-20 17:56:33,650 - URBasic_rtdeEvent - ERROR - Lost some RTDE at 1709.1299999999999 - 13.999999999896318 milliseconds since last package
2024-11-20 17:56:33,678 - URBasic_rtdeEvent - ERROR - Lost some RTDE at 1709.1519999999998 - 11.999999999943611 milliseconds since last package
2024-11-20 17:56:33,833 - URBasic_rtdeEvent - ERROR - Lost some RTDE at 1709.2939999999999 - 9.999999999990905 milliseconds since last package
2024-11-20 17:56:34,411 - URBasic_rtdeEvent - ERROR - Lost some RTDE at 1709.83 - 9.999999999990905 milliseconds since last package
2024-11-20 17:56:34,431 - URBasic_rtdeEvent - ERROR - Lost some RTDE at 1709.848 - 11.999999999943611 milliseconds since last package
2024-11-20 17:56:34,545 - URBasic_rtdeEvent - ERROR - Lost some RTDE at 1709.9579999999999 - 9.999999999990905 milliseconds since last package
2024-11-20 17:56:35,893 - URBasic_rtdeEvent - ERROR - Lost some RTDE at 1711.2379999999998 - 9.999999999990905 milliseconds since last package
2024-11-20 17:56:39,352 - URBasic_rtdeEvent - INFO - Total packages: 6000
2024-11-20 17:56:40,092 - URBasic_rtdeEvent - ERROR - Lost some RTDE at 1715.2939999999999 - 9.999999999990905 milliseconds since last package
2024-11-20 17:56:40,113 - URBasic_rtdeEvent - ERROR - Lost some RTDE at 1715.31 - 9.999999999990905 milliseconds since last package
2024-11-20 17:56:41,470 - URBasic_rtdeEvent - ERROR - Lost some RTDE at 1716.598 - 9.999999999990905 milliseconds since last package
2024-11-20 17:56:47,620 - URBasic_rtdeEvent - INFO - Total packages: 7000
2024-11-20 17:56:49,274 - URBasic_rtdeEvent - ERROR - Lost some RTDE at 1724.1979999999999 - 9.999999999990905 milliseconds since last package
2024-11-20 17:56:49,293 - URBasic_rtdeEvent - ERROR - Lost some RTDE at 1724.214 - 9.999999999990905 milliseconds since last package
2024-11-20 17:56:55,927 - URBasic_rtdeEvent - INFO - Total packages: 8000
2024-11-20 17:56:56,295 - URBasic_rtdeEvent - ERROR - Lost some RTDE at 1730.966 - 9.999999999990905 milliseconds since last package
2024-11-20 17:57:04,278 - URBasic_rtdeEvent - INFO - Total packages: 9000
2024-11-20 17:57:07,329 - URBasic_rtdeEvent - ERROR - Lost some RTDE at 1741.55 - 9.999999999990905 milliseconds since last package
2024-11-20 17:57:11,275 - URBasic_rtdeEvent - ERROR - Lost some RTDE at 1745.3899999999999 - 9.999999999990905 milliseconds since last package
2024-11-20 17:57:12,580 - URBasic_rtdeEvent - INFO - Total packages: 10000
2024-11-20 17:57:15,365 - URBasic_rtdeEvent - ERROR - Lost some RTDE at 1749.302 - 9.999999999990905 milliseconds since last package
2024-11-20 17:57:15,380 - URBasic_rtdeEvent - ERROR - Lost some RTDE at 1749.312 - 9.999999999990905 milliseconds since last package
2024-11-20 17:57:19,235 - URBasic_rtdeEvent - ERROR - Lost some RTDE at 1752.966 - 9.999999999990905 milliseconds since last package
2024-11-20 17:57:20,174 - URBasic_rtdeEvent - ERROR - Lost some RTDE at 1753.878 - 9.999999999990905 milliseconds since last package
2024-11-20 17:57:20,701 - URBasic_rtdeEvent - ERROR - Lost some RTDE at 1754.3819999999998 - 9.999999999990905 milliseconds since last package
2024-11-20 17:57:20,990 - URBasic_rtdeEvent - INFO - Total packages: 11000
2024-11-20 17:57:21,734 - URBasic_rtdeEvent - ERROR - Lost some RTDE at 1755.31 - 9.999999999990905 milliseconds since last package
2024-11-20 17:57:22,760 - URBasic_rtdeEvent - ERROR - Lost some RTDE at 1756.2939999999999 - 9.999999999990905 milliseconds since last package
2024-11-20 17:57:22,917 - URBasic_rtdeEvent - ERROR - Lost some RTDE at 1756.4379999999999 - 9.999999999990905 milliseconds since last package
2024-11-20 17:57:23,565 - URBasic_rtdeEvent - ERROR - Lost some RTDE at 1757.0459999999998 - 9.999999999990905 milliseconds since last package
2024-11-20 17:57:23,652 - URBasic_rtdeEvent - ERROR - Lost some RTDE at 1757.126 - 9.999999999990905 milliseconds since last package
2024-11-20 17:57:29,257 - URBasic_rtdeEvent - INFO - Total packages: 12000
2024-11-20 17:57:37,400 - URBasic_rtdeEvent - INFO - Total packages: 13000
2024-11-20 17:57:45,598 - URBasic_rtdeEvent - INFO - Total packages: 14000
2024-11-20 17:57:46,232 - URBasic_rtdeEvent - ERROR - Lost some RTDE at 1779.1979999999999 - 9.999999999990905 milliseconds since last package
2024-11-20 17:57:53,837 - URBasic_rtdeEvent - INFO - Total packages: 15000
2024-11-20 17:57:54,423 - URBasic_rtdeEvent - ERROR - Lost some RTDE at 1787.174 - 9.999999999990905 milliseconds since last package
2024-11-20 17:58:02,086 - URBasic_rtdeEvent - INFO - Total packages: 16000
2024-11-20 17:58:05,472 - URBasic_rtdeEvent - ERROR - Lost some RTDE at 1797.846 - 9.999999999990905 milliseconds since last package
2024-11-20 17:58:08,157 - URBasic_rtdeEvent - ERROR - Lost some RTDE at 1800.422 - 10.000000000218279 milliseconds since last package
2024-11-20 17:58:10,405 - URBasic_rtdeEvent - INFO - Total packages: 17000
2024-11-20 17:58:11,261 - URBasic_rtdeEvent - ERROR - Lost some RTDE at 1803.422 - 10.000000000218279 milliseconds since last package
2024-11-20 17:58:12,725 - URBasic_rtdeEvent - ERROR - Lost some RTDE at 1804.8239999999998 - 11.999999999943611 milliseconds since last package
2024-11-20 17:58:13,430 - URBasic_rtdeEvent - ERROR - Lost some RTDE at 1805.4779999999998 - 9.999999999990905 milliseconds since last package
2024-11-20 17:58:13,511 - URBasic_rtdeEvent - ERROR - Lost some RTDE at 1805.542 - 9.999999999990905 milliseconds since last package
2024-11-20 17:58:15,210 - URBasic_rtdeEvent - ERROR - Lost some RTDE at 1807.182 - 9.999999999990905 milliseconds since last package
2024-11-20 17:58:15,309 - URBasic_rtdeEvent - ERROR - Lost some RTDE at 1807.2459999999999 - 9.999999999990905 milliseconds since last package
2024-11-20 17:58:15,372 - URBasic_rtdeEvent - ERROR - Lost some RTDE at 1807.2859999999998 - 9.999999999990905 milliseconds since last package
2024-11-20 17:58:17,037 - URBasic_rtdeEvent - ERROR - Lost some RTDE at 1808.894 - 9.999999999990905 milliseconds since last package
2024-11-20 17:58:18,568 - URBasic_rtdeEvent - ERROR - Lost some RTDE at 1810.35 - 9.999999999990905 milliseconds since last package
2024-11-20 17:58:18,692 - URBasic_rtdeEvent - ERROR - Lost some RTDE at 1810.454 - 9.999999999990905 milliseconds since last package
2024-11-20 17:58:18,839 - URBasic_rtdeEvent - INFO - Total packages: 18000
2024-11-20 17:58:20,703 - URBasic_rtdeEvent - ERROR - Lost some RTDE at 1812.35 - 9.999999999990905 milliseconds since last package
2024-11-20 17:58:22,196 - URBasic_rtdeEvent - ERROR - Lost some RTDE at 1813.782 - 9.999999999990905 milliseconds since last package
2024-11-20 17:58:22,316 - URBasic_rtdeEvent - ERROR - Lost some RTDE at 1813.8639999999998 - 11.999999999943611 milliseconds since last package
2024-11-20 17:58:22,372 - URBasic_rtdeEvent - ERROR - Lost some RTDE at 1813.888 - 11.999999999943611 milliseconds since last package
2024-11-20 17:58:22,525 - URBasic_rtdeEvent - ERROR - Lost some RTDE at 1814.014 - 9.999999999990905 milliseconds since last package
2024-11-20 17:58:22,676 - URBasic_rtdeEvent - ERROR - Lost some RTDE at 1814.1499999999999 - 9.999999999990905 milliseconds since last package
2024-11-20 17:58:22,748 - URBasic_rtdeEvent - ERROR - Lost some RTDE at 1814.184 - 11.999999999943611 milliseconds since last package
2024-11-20 17:58:23,137 - URBasic_rtdeEvent - ERROR - Lost some RTDE at 1814.36 - 11.999999999943611 milliseconds since last package
2024-11-20 17:58:23,431 - URBasic_rtdeEvent - ERROR - Lost some RTDE at 1814.542 - 9.999999999990905 milliseconds since last package
2024-11-20 17:58:24,364 - URBasic_rtdeEvent - ERROR - Lost some RTDE at 1815.446 - 9.999999999990905 milliseconds since last package
2024-11-20 17:58:27,597 - URBasic_rtdeEvent - INFO - Total packages: 19000
2024-11-20 17:58:29,590 - URBasic_rtdeEvent - ERROR - Lost some RTDE at 1820.5359999999998 - 11.999999999943611 milliseconds since last package
2024-11-20 17:58:34,992 - URBasic_rtdeEvent - ERROR - Lost some RTDE at 1825.8 - 11.999999999943611 milliseconds since last package
2024-11-20 17:58:35,014 - URBasic_rtdeEvent - ERROR - Lost some RTDE at 1825.816 - 12.000000000170985 milliseconds since last package
2024-11-20 17:58:35,121 - URBasic_rtdeEvent - ERROR - Lost some RTDE at 1825.886 - 9.999999999990905 milliseconds since last package
2024-11-20 17:58:35,209 - URBasic_rtdeEvent - ERROR - Lost some RTDE at 1825.942 - 9.999999999990905 milliseconds since last package
2024-11-20 17:58:35,256 - URBasic_rtdeEvent - ERROR - Lost some RTDE at 1825.982 - 9.999999999990905 milliseconds since last package
2024-11-20 17:58:35,335 - URBasic_rtdeEvent - ERROR - Lost some RTDE at 1826.038 - 9.999999999990905 milliseconds since last package
2024-11-20 17:58:35,392 - URBasic_rtdeEvent - ERROR - Lost some RTDE at 1826.086 - 9.999999999990905 milliseconds since last package
2024-11-20 17:58:35,456 - URBasic_rtdeEvent - ERROR - Lost some RTDE at 1826.1419999999998 - 9.999999999990905 milliseconds since last package
2024-11-20 17:58:35,507 - URBasic_rtdeEvent - ERROR - Lost some RTDE at 1826.182 - 9.999999999990905 milliseconds since last package
2024-11-20 17:58:35,909 - URBasic_rtdeEvent - ERROR - Lost some RTDE at 1826.55 - 9.999999999990905 milliseconds since last package
2024-11-20 17:58:35,964 - URBasic_rtdeEvent - INFO - Total packages: 20000
2024-11-20 17:58:44,189 - URBasic_rtdeEvent - INFO - Total packages: 21000
2024-11-20 17:58:45,526 - URBasic_rtdeEvent - ERROR - Lost some RTDE at 1835.894 - 9.999999999990905 milliseconds since last package
2024-11-20 17:58:45,693 - URBasic_rtdeEvent - ERROR - Lost some RTDE at 1836.03 - 9.999999999990905 milliseconds since last package
2024-11-20 17:58:45,739 - URBasic_rtdeEvent - ERROR - Lost some RTDE at 1836.0539999999999 - 9.999999999990905 milliseconds since last package
2024-11-20 17:58:45,899 - URBasic_rtdeEvent - ERROR - Lost some RTDE at 1836.182 - 9.999999999990905 milliseconds since last package
2024-11-20 17:58:45,939 - URBasic_rtdeEvent - ERROR - Lost some RTDE at 1836.214 - 9.999999999990905 milliseconds since last package
2024-11-20 17:58:47,572 - URBasic_rtdeEvent - ERROR - Lost some RTDE at 1837.7759999999998 - 11.999999999943611 milliseconds since last package
2024-11-20 17:58:52,642 - URBasic_rtdeEvent - INFO - Total packages: 22000
2024-11-20 17:58:58,261 - URBasic_rtdeEvent - ERROR - Lost some RTDE at 1848.0539999999999 - 9.999999999990905 milliseconds since last package
2024-11-20 17:58:58,600 - URBasic_rtdeEvent - ERROR - Lost some RTDE at 1848.35 - 9.999999999990905 milliseconds since last package
2024-11-20 17:58:58,689 - URBasic_rtdeEvent - ERROR - Lost some RTDE at 1848.3819999999998 - 9.999999999990905 milliseconds since last package
2024-11-20 17:58:59,402 - URBasic_rtdeEvent - ERROR - Lost some RTDE at 1849.062 - 9.999999999990905 milliseconds since last package
2024-11-20 17:59:00,973 - URBasic_rtdeEvent - INFO - Total packages: 23000
2024-11-20 17:59:02,570 - URBasic_rtdeEvent - ERROR - Lost some RTDE at 1852.1319999999998 - 15.999999999849024 milliseconds since last package
2024-11-20 17:59:05,085 - URBasic_rtdeEvent - ERROR - Lost some RTDE at 1854.5439999999999 - 11.999999999943611 milliseconds since last package
2024-11-20 17:59:05,126 - URBasic_rtdeEvent - ERROR - Lost some RTDE at 1854.578 - 14.000000000123691 milliseconds since last package
2024-11-20 17:59:09,268 - URBasic_rtdeEvent - INFO - Total packages: 24000
2024-11-20 17:59:10,562 - URBasic_rtdeEvent - ERROR - Lost some RTDE at 1859.878 - 9.999999999990905 milliseconds since last package
2024-11-20 17:59:17,440 - URBasic_rtdeEvent - INFO - Total packages: 25000
2024-11-20 17:59:22,651 - URBasic_rtdeEvent - ERROR - Lost some RTDE at 1871.606 - 9.999999999990905 milliseconds since last package
2024-11-20 17:59:22,720 - URBasic_rtdeEvent - ERROR - Lost some RTDE at 1871.6699999999998 - 9.999999999990905 milliseconds since last package
2024-11-20 17:59:24,320 - URBasic_rtdeEvent - ERROR - Lost some RTDE at 1873.1979999999999 - 9.999999999990905 milliseconds since last package
2024-11-20 17:59:25,133 - URBasic_rtdeEvent - ERROR - Lost some RTDE at 1873.974 - 9.999999999990905 milliseconds since last package
2024-11-20 17:59:25,838 - URBasic_rtdeEvent - INFO - Total packages: 26000
2024-11-20 17:59:26,937 - URBasic_rtdeEvent - ERROR - Lost some RTDE at 1875.6619999999998 - 9.999999999990905 milliseconds since last package
2024-11-20 17:59:27,183 - URBasic_rtdeEvent - ERROR - Lost some RTDE at 1875.894 - 9.999999999990905 milliseconds since last package
2024-11-20 17:59:27,429 - URBasic_rtdeEvent - ERROR - Lost some RTDE at 1876.11 - 9.999999999990905 milliseconds since last package
2024-11-20 17:59:28,384 - URBasic_rtdeEvent - ERROR - Lost some RTDE at 1877.0159999999998 - 11.999999999943611 milliseconds since last package
2024-11-20 17:59:28,663 - URBasic_rtdeEvent - ERROR - Lost some RTDE at 1877.262 - 9.999999999990905 milliseconds since last package
2024-11-20 17:59:28,831 - URBasic_rtdeEvent - ERROR - Lost some RTDE at 1877.422 - 10.000000000218279 milliseconds since last package
2024-11-20 17:59:29,407 - URBasic_rtdeEvent - ERROR - Lost some RTDE at 1877.9099999999999 - 9.999999999990905 milliseconds since last package
2024-11-20 17:59:34,242 - URBasic_rtdeEvent - INFO - Total packages: 27000
2024-11-20 17:59:34,997 - URBasic_rtdeEvent - ERROR - Lost some RTDE at 1883.326 - 10.000000000218279 milliseconds since last package
2024-11-20 17:59:36,644 - URBasic_rtdeEvent - ERROR - Lost some RTDE at 1884.8899999999999 - 13.999999999896318 milliseconds since last package
2024-11-20 17:59:36,689 - URBasic_rtdeEvent - ERROR - Lost some RTDE at 1884.926 - 9.999999999990905 milliseconds since last package
2024-11-20 17:59:37,782 - URBasic_rtdeEvent - ERROR - Lost some RTDE at 1885.982 - 9.999999999990905 milliseconds since last package
2024-11-20 17:59:37,911 - URBasic_rtdeEvent - ERROR - Lost some RTDE at 1886.1019999999999 - 9.999999999990905 milliseconds since last package
2024-11-20 17:59:37,945 - URBasic_rtdeEvent - ERROR - Lost some RTDE at 1886.134 - 9.999999999990905 milliseconds since last package
2024-11-20 17:59:42,599 - URBasic_rtdeEvent - INFO - Total packages: 28000
2024-11-20 17:59:42,682 - URBasic_rtdeEvent - ERROR - Lost some RTDE at 1890.6779999999999 - 9.999999999990905 milliseconds since last package
2024-11-20 17:59:44,884 - URBasic_rtdeEvent - ERROR - Lost some RTDE at 1892.79 - 9.999999999990905 milliseconds since last package
2024-11-20 17:59:45,012 - URBasic_rtdeEvent - ERROR - Lost some RTDE at 1892.9019999999998 - 9.999999999990905 milliseconds since last package
2024-11-20 17:59:45,047 - URBasic_rtdeEvent - ERROR - Lost some RTDE at 1892.934 - 9.999999999990905 milliseconds since last package
2024-11-20 17:59:45,430 - URBasic_rtdeEvent - ERROR - Lost some RTDE at 1893.2939999999999 - 9.999999999990905 milliseconds since last package
2024-11-20 17:59:46,459 - URBasic_rtdeEvent - ERROR - Lost some RTDE at 1894.24 - 12.000000000170985 milliseconds since last package
2024-11-20 17:59:47,545 - URBasic_rtdeEvent - ERROR - Lost some RTDE at 1895.23 - 9.999999999990905 milliseconds since last package
2024-11-20 17:59:48,453 - URBasic_rtdeEvent - ERROR - Lost some RTDE at 1896.0659999999998 - 13.999999999896318 milliseconds since last package
2024-11-20 17:59:48,594 - URBasic_rtdeEvent - ERROR - Lost some RTDE at 1896.1019999999999 - 9.999999999990905 milliseconds since last package
2024-11-20 17:59:48,628 - URBasic_rtdeEvent - ERROR - Lost some RTDE at 1896.124 - 14.000000000123691 milliseconds since last package
2024-11-20 17:59:48,644 - URBasic_rtdeEvent - ERROR - Lost some RTDE at 1896.136 - 11.999999999943611 milliseconds since last package
2024-11-20 17:59:48,665 - URBasic_rtdeEvent - ERROR - Lost some RTDE at 1896.1499999999999 - 9.999999999990905 milliseconds since last package
2024-11-20 17:59:48,821 - URBasic_rtdeEvent - ERROR - Lost some RTDE at 1896.214 - 9.999999999990905 milliseconds since last package
2024-11-20 17:59:48,863 - URBasic_rtdeEvent - ERROR - Lost some RTDE at 1896.254 - 9.999999999990905 milliseconds since last package
2024-11-20 17:59:48,902 - URBasic_rtdeEvent - ERROR - Lost some RTDE at 1896.27 - 9.999999999990905 milliseconds since last package
2024-11-20 17:59:48,969 - URBasic_rtdeEvent - ERROR - Lost some RTDE at 1896.29 - 19.99999999998181 milliseconds since last package
2024-11-20 17:59:49,041 - URBasic_rtdeEvent - ERROR - Lost some RTDE at 1896.326 - 10.000000000218279 milliseconds since last package
2024-11-20 17:59:49,136 - URBasic_rtdeEvent - ERROR - Lost some RTDE at 1896.374 - 10.000000000218279 milliseconds since last package
2024-11-20 17:59:49,150 - URBasic_rtdeEvent - ERROR - Lost some RTDE at 1896.398 - 9.999999999990905 milliseconds since last package
2024-11-20 17:59:49,862 - URBasic_rtdeEvent - ERROR - Lost some RTDE at 1897.062 - 9.999999999990905 milliseconds since last package
2024-11-20 17:59:49,931 - URBasic_rtdeEvent - ERROR - Lost some RTDE at 1897.11 - 9.999999999990905 milliseconds since last package
2024-11-20 17:59:50,012 - URBasic_rtdeEvent - ERROR - Lost some RTDE at 1897.182 - 9.999999999990905 milliseconds since last package
2024-11-20 17:59:50,029 - URBasic_rtdeEvent - ERROR - Lost some RTDE at 1897.1979999999999 - 9.999999999990905 milliseconds since last package
2024-11-20 17:59:51,540 - URBasic_rtdeEvent - INFO - Total packages: 29000
2024-11-20 17:59:52,184 - URBasic_rtdeEvent - ERROR - Lost some RTDE at 1899.254 - 9.999999999990905 milliseconds since last package
2024-11-20 17:59:57,993 - URBasic_rtdeEvent - ERROR - Lost some RTDE at 1904.894 - 9.999999999990905 milliseconds since last package
2024-11-20 17:59:59,808 - URBasic_rtdeEvent - INFO - Total packages: 30000
2024-11-20 18:00:01,473 - URBasic_rtdeEvent - ERROR - Lost some RTDE at 1908.262 - 9.999999999990905 milliseconds since last package
2024-11-20 18:00:01,616 - URBasic_rtdeEvent - ERROR - Lost some RTDE at 1908.3819999999998 - 9.999999999990905 milliseconds since last package
2024-11-20 18:00:01,635 - URBasic_rtdeEvent - ERROR - Lost some RTDE at 1908.398 - 9.999999999990905 milliseconds since last package
2024-11-20 18:00:01,661 - URBasic_rtdeEvent - ERROR - Lost some RTDE at 1908.414 - 9.999999999990905 milliseconds since last package
2024-11-20 18:00:01,862 - URBasic_rtdeEvent - ERROR - Lost some RTDE at 1908.5739999999998 - 9.999999999990905 milliseconds since last package
2024-11-20 18:00:05,251 - URBasic_rtdeEvent - ERROR - Lost some RTDE at 1911.846 - 9.999999999990905 milliseconds since last package
2024-11-20 18:00:05,327 - URBasic_rtdeEvent - ERROR - Lost some RTDE at 1911.894 - 9.999999999990905 milliseconds since last package
2024-11-20 18:00:06,684 - URBasic_rtdeEvent - ERROR - Lost some RTDE at 1913.1899999999998 - 9.999999999990905 milliseconds since last package
2024-11-20 18:00:08,178 - URBasic_rtdeEvent - INFO - Total packages: 31000
2024-11-20 18:00:08,495 - URBasic_rtdeEvent - ERROR - Lost some RTDE at 1914.846 - 9.999999999990905 milliseconds since last package
2024-11-20 18:00:10,279 - URBasic_rtdeEvent - ERROR - Lost some RTDE at 1916.5659999999998 - 9.999999999990905 milliseconds since last package
2024-11-20 18:00:12,459 - URBasic_rtdeEvent - ERROR - Lost some RTDE at 1918.694 - 9.999999999990905 milliseconds since last package
2024-11-20 18:00:16,488 - URBasic_rtdeEvent - INFO - Total packages: 32000
2024-11-20 18:00:19,647 - URBasic_rtdeEvent - ERROR - Lost some RTDE at 1925.6779999999999 - 9.999999999990905 milliseconds since last package
2024-11-20 18:00:19,705 - URBasic_rtdeEvent - ERROR - Lost some RTDE at 1925.7259999999999 - 9.999999999990905 milliseconds since last package
2024-11-20 18:00:19,891 - URBasic_rtdeEvent - ERROR - Lost some RTDE at 1925.9099999999999 - 9.999999999990905 milliseconds since last package
