2024-11-22 23:08:11,380 - URBasic_robotModelEvent - INFO - Init done
2024-11-22 23:08:11,890 - URBasic_realTimeClientEvent - INFO - Connected
2024-11-22 23:08:11,890 - URBasic_realTimeClientEvent - INFO - RT_CLient constructor done
2024-11-22 23:08:11,892 - URBasic_dataLogEvent - INFO - DataLog constructor done
2024-11-22 23:08:11,892 - URBasic_rtdeEvent - INFO - RTDE constructor done
2024-11-22 23:08:12,406 - URBasic_dashboardEvent - INFO - Connected
2024-11-22 23:08:12,406 - URBasic_dashboardEvent - INFO - UR Dashboard respond Connected: Universal Robots Dashboard Server
2024-11-22 23:08:12,406 - URBasic_dashboardEvent - INFO - Dashboard server constructor done
2024-11-22 23:08:12,407 - URBasic_robotConnectorEvent - INFO - Init done
2024-11-22 23:08:13,135 - URBasic_rtdeEvent - INFO - Controller version: 5.18.1-0
2024-11-22 23:08:13,142 - URBasic_rtdeEvent - INFO - RTDE started
2024-11-22 23:08:13,408 - URBasic_urScriptEvent - INFO - Init done
2024-11-22 23:08:13,441 - URBasic_urScriptExtEvent - INFO - Init done
2024-11-22 23:08:21,277 - URBasic_rtdeEvent - INFO - Total packages: 1000
2024-11-22 23:08:22,201 - URBasic_rtdeEvent - ERROR - Lost some RTDE at 2976.708 - 10.000000000218279 milliseconds since last package
2024-11-22 23:08:29,461 - URBasic_rtdeEvent - INFO - Total packages: 2000
2024-11-22 23:08:37,559 - URBasic_rtdeEvent - INFO - Total packages: 3000
2024-11-22 23:08:45,687 - URBasic_rtdeEvent - INFO - Total packages: 4000
2024-11-22 23:08:53,798 - URBasic_rtdeEvent - INFO - Total packages: 5000
2024-11-22 23:09:01,931 - URBasic_rtdeEvent - INFO - Total packages: 6000
2024-11-22 23:09:06,075 - URBasic_rtdeEvent - ERROR - Lost some RTDE at 3019.892 - 9.999999999763531 milliseconds since last package
2024-11-22 23:09:10,075 - URBasic_rtdeEvent - INFO - Total packages: 7000
2024-11-22 23:09:10,550 - URBasic_rtdeEvent - ERROR - Lost some RTDE at 3024.276 - 9.999999999763531 milliseconds since last package
2024-11-22 23:09:18,231 - URBasic_rtdeEvent - INFO - Total packages: 8000
2024-11-22 23:09:26,374 - URBasic_rtdeEvent - INFO - Total packages: 9000
2024-11-22 23:09:34,554 - URBasic_rtdeEvent - INFO - Total packages: 10000
2024-11-22 23:09:42,668 - URBasic_rtdeEvent - INFO - Total packages: 11000
2024-11-22 23:09:45,083 - URBasic_rtdeEvent - ERROR - Lost some RTDE at 3058.1479999999997 - 9.999999999763531 milliseconds since last package
2024-11-22 23:09:45,106 - URBasic_rtdeEvent - ERROR - Lost some RTDE at 3058.18 - 9.999999999763531 milliseconds since last package
2024-11-22 23:09:45,152 - URBasic_rtdeEvent - ERROR - Lost some RTDE at 3058.2439999999997 - 9.999999999763531 milliseconds since last package
2024-11-22 23:09:50,798 - URBasic_rtdeEvent - INFO - Total packages: 12000
2024-11-22 23:09:58,910 - URBasic_rtdeEvent - INFO - Total packages: 13000
2024-11-22 23:10:07,058 - URBasic_rtdeEvent - INFO - Total packages: 14000
2024-11-22 23:10:15,218 - URBasic_rtdeEvent - INFO - Total packages: 15000
2024-11-22 23:10:23,345 - URBasic_rtdeEvent - INFO - Total packages: 16000
2024-11-22 23:10:31,478 - URBasic_rtdeEvent - INFO - Total packages: 17000
2024-11-22 23:10:32,678 - URBasic_rtdeEvent - ERROR - Lost some RTDE at 3104.9559999999997 - 9.999999999763531 milliseconds since last package
2024-11-22 23:10:39,697 - URBasic_rtdeEvent - INFO - Total packages: 18000
