2024-11-22 23:53:47,616 - URBasic_robotModelEvent - INFO - Init done
2024-11-22 23:53:48,133 - URBasic_realTimeClientEvent - INFO - Connected
2024-11-22 23:53:48,133 - URBasic_realTimeClientEvent - INFO - RT_CLient constructor done
2024-11-22 23:53:48,135 - URBasic_dataLogEvent - INFO - DataLog constructor done
2024-11-22 23:53:48,135 - URBasic_rtdeEvent - INFO - RTDE constructor done
2024-11-22 23:53:48,647 - URBasic_dashboardEvent - INFO - Connected
2024-11-22 23:53:48,647 - URBasic_dashboardEvent - INFO - UR Dashboard respond Connected: Universal Robots Dashboard Server
2024-11-22 23:53:48,648 - URBasic_dashboardEvent - INFO - Dashboard server constructor done
2024-11-22 23:53:48,648 - URBasic_robotConnectorEvent - INFO - Init done
2024-11-22 23:53:48,889 - URBasic_rtdeEvent - INFO - Controller version: 5.18.1-0
2024-11-22 23:53:48,911 - URBasic_rtdeEvent - INFO - RTDE started
2024-11-22 23:53:49,657 - URBasic_urScriptEvent - INFO - Init done
2024-11-22 23:53:49,689 - URBasic_urScriptExtEvent - INFO - Init done
2024-11-22 23:53:57,038 - URBasic_rtdeEvent - INFO - Total packages: 1000
2024-11-22 23:54:03,239 - URBasic_rtdeEvent - ERROR - Lost some RTDE at 5669.987999999999 - 9.999999999308784 milliseconds since last package
2024-11-22 23:54:05,217 - URBasic_rtdeEvent - INFO - Total packages: 2000
2024-11-22 23:54:13,354 - URBasic_rtdeEvent - INFO - Total packages: 3000
2024-11-22 23:54:21,483 - URBasic_rtdeEvent - INFO - Total packages: 4000
2024-11-22 23:54:25,351 - URBasic_rtdeEvent - ERROR - Lost some RTDE at 5691.708 - 10.000000000218279 milliseconds since last package
2024-11-22 23:54:29,648 - URBasic_rtdeEvent - INFO - Total packages: 5000
2024-11-22 23:54:37,774 - URBasic_rtdeEvent - INFO - Total packages: 6000
2024-11-22 23:54:45,878 - URBasic_rtdeEvent - INFO - Total packages: 7000
2024-11-22 23:54:53,975 - URBasic_rtdeEvent - INFO - Total packages: 8000
2024-11-22 23:55:02,092 - URBasic_rtdeEvent - INFO - Total packages: 9000
2024-11-22 23:55:10,238 - URBasic_rtdeEvent - INFO - Total packages: 10000
2024-11-22 23:55:18,360 - URBasic_rtdeEvent - INFO - Total packages: 11000
2024-11-22 23:55:26,480 - URBasic_rtdeEvent - INFO - Total packages: 12000
2024-11-22 23:55:34,591 - URBasic_rtdeEvent - INFO - Total packages: 13000
2024-11-22 23:55:42,715 - URBasic_rtdeEvent - INFO - Total packages: 14000
2024-11-22 23:55:50,824 - URBasic_rtdeEvent - INFO - Total packages: 15000
2024-11-22 23:55:58,958 - URBasic_rtdeEvent - INFO - Total packages: 16000
2024-11-22 23:56:07,053 - URBasic_rtdeEvent - INFO - Total packages: 17000
2024-11-22 23:56:15,175 - URBasic_rtdeEvent - INFO - Total packages: 18000
2024-11-22 23:56:23,283 - URBasic_rtdeEvent - INFO - Total packages: 19000
2024-11-22 23:56:31,410 - URBasic_rtdeEvent - INFO - Total packages: 20000
2024-11-22 23:56:39,548 - URBasic_rtdeEvent - INFO - Total packages: 21000
2024-11-22 23:56:47,644 - URBasic_rtdeEvent - INFO - Total packages: 22000
2024-11-22 23:56:55,789 - URBasic_rtdeEvent - INFO - Total packages: 23000
2024-11-22 23:57:02,610 - URBasic_rtdeEvent - ERROR - Lost some RTDE at 5846.652 - 10.000000000218279 milliseconds since last package
2024-11-22 23:57:03,917 - URBasic_rtdeEvent - INFO - Total packages: 24000
2024-11-22 23:57:12,049 - URBasic_rtdeEvent - INFO - Total packages: 25000
2024-11-22 23:57:20,202 - URBasic_rtdeEvent - INFO - Total packages: 26000
2024-11-22 23:57:28,320 - URBasic_rtdeEvent - INFO - Total packages: 27000
2024-11-22 23:57:36,427 - URBasic_rtdeEvent - INFO - Total packages: 28000
2024-11-22 23:57:44,535 - URBasic_rtdeEvent - INFO - Total packages: 29000
2024-11-22 23:57:52,647 - URBasic_rtdeEvent - INFO - Total packages: 30000
2024-11-22 23:58:00,753 - URBasic_rtdeEvent - INFO - Total packages: 31000
2024-11-22 23:58:08,854 - URBasic_rtdeEvent - INFO - Total packages: 32000
2024-11-22 23:58:16,956 - URBasic_rtdeEvent - INFO - Total packages: 33000
2024-11-22 23:58:25,067 - URBasic_rtdeEvent - INFO - Total packages: 34000
2024-11-22 23:58:33,184 - URBasic_rtdeEvent - INFO - Total packages: 35000
2024-11-22 23:58:41,283 - URBasic_rtdeEvent - INFO - Total packages: 36000
2024-11-22 23:58:49,376 - URBasic_rtdeEvent - INFO - Total packages: 37000
2024-11-22 23:58:53,342 - URBasic_rtdeEvent - ERROR - Lost some RTDE at 5955.844 - 10.000000000218279 milliseconds since last package
2024-11-22 23:58:57,482 - URBasic_rtdeEvent - INFO - Total packages: 38000
2024-11-22 23:59:05,630 - URBasic_rtdeEvent - INFO - Total packages: 39000
2024-11-22 23:59:13,758 - URBasic_rtdeEvent - INFO - Total packages: 40000
2024-11-22 23:59:19,823 - URBasic_rtdeEvent - ERROR - Lost some RTDE at 5981.9 - 10.000000000218279 milliseconds since last package
2024-11-22 23:59:21,886 - URBasic_rtdeEvent - INFO - Total packages: 41000
2024-11-22 23:59:30,028 - URBasic_rtdeEvent - INFO - Total packages: 42000
2024-11-22 23:59:38,144 - URBasic_rtdeEvent - INFO - Total packages: 43000
2024-11-22 23:59:46,268 - URBasic_rtdeEvent - INFO - Total packages: 44000
2024-11-22 23:59:51,981 - URBasic_rtdeEvent - ERROR - Lost some RTDE at 6013.58 - 10.000000000218279 milliseconds since last package
2024-11-22 23:59:54,389 - URBasic_rtdeEvent - INFO - Total packages: 45000
2024-11-23 00:00:02,492 - URBasic_rtdeEvent - INFO - Total packages: 46000
2024-11-23 00:00:10,598 - URBasic_rtdeEvent - INFO - Total packages: 47000
2024-11-23 00:00:18,728 - URBasic_rtdeEvent - INFO - Total packages: 48000
2024-11-23 00:00:22,397 - URBasic_rtdeEvent - ERROR - Lost some RTDE at 6043.548 - 10.000000000218279 milliseconds since last package
2024-11-23 00:00:26,846 - URBasic_rtdeEvent - INFO - Total packages: 49000
2024-11-23 00:00:34,954 - URBasic_rtdeEvent - INFO - Total packages: 50000
2024-11-23 00:00:43,082 - URBasic_rtdeEvent - INFO - Total packages: 51000
2024-11-23 00:00:51,179 - URBasic_rtdeEvent - INFO - Total packages: 52000
2024-11-23 00:00:57,824 - URBasic_rtdeEvent - ERROR - Lost some RTDE at 6078.396 - 10.000000000218279 milliseconds since last package
2024-11-23 00:00:58,076 - URBasic_rtdeEvent - ERROR - Lost some RTDE at 6078.588 - 10.000000000218279 milliseconds since last package
2024-11-23 00:00:58,498 - URBasic_rtdeEvent - ERROR - Lost some RTDE at 6078.772 - 10.000000000218279 milliseconds since last package
2024-11-23 00:00:58,521 - URBasic_rtdeEvent - ERROR - Lost some RTDE at 6078.782 - 10.000000000218279 milliseconds since last package
2024-11-23 00:00:58,717 - URBasic_rtdeEvent - ERROR - Lost some RTDE at 6078.932 - 10.000000000218279 milliseconds since last package
2024-11-23 00:00:58,778 - URBasic_rtdeEvent - ERROR - Lost some RTDE at 6078.956 - 10.000000000218279 milliseconds since last package
2024-11-23 00:00:59,312 - URBasic_rtdeEvent - ERROR - Lost some RTDE at 6079.34 - 10.000000000218279 milliseconds since last package
2024-11-23 00:00:59,403 - URBasic_rtdeEvent - ERROR - Lost some RTDE at 6079.396 - 10.000000000218279 milliseconds since last package
2024-11-23 00:00:59,651 - URBasic_rtdeEvent - ERROR - Lost some RTDE at 6079.563999999999 - 9.999999999308784 milliseconds since last package
2024-11-23 00:00:59,784 - URBasic_rtdeEvent - ERROR - Lost some RTDE at 6079.66 - 10.000000000218279 milliseconds since last package
2024-11-23 00:00:59,998 - URBasic_rtdeEvent - ERROR - Lost some RTDE at 6079.804 - 10.000000000218279 milliseconds since last package
2024-11-23 00:01:00,066 - URBasic_rtdeEvent - ERROR - Lost some RTDE at 6079.844 - 10.000000000218279 milliseconds since last package
2024-11-23 00:01:00,190 - URBasic_rtdeEvent - ERROR - Lost some RTDE at 6079.907999999999 - 9.999999999308784 milliseconds since last package
2024-11-23 00:01:00,228 - URBasic_rtdeEvent - INFO - Total packages: 53000
2024-11-23 00:01:00,294 - URBasic_rtdeEvent - ERROR - Lost some RTDE at 6079.98 - 10.000000000218279 milliseconds since last package
2024-11-23 00:01:00,595 - URBasic_rtdeEvent - ERROR - Lost some RTDE at 6080.148 - 10.000000000218279 milliseconds since last package
2024-11-23 00:01:01,199 - URBasic_rtdeEvent - ERROR - Lost some RTDE at 6080.284 - 10.000000000218279 milliseconds since last package
2024-11-23 00:01:01,557 - URBasic_rtdeEvent - ERROR - Lost some RTDE at 6080.548 - 10.000000000218279 milliseconds since last package
2024-11-23 00:01:01,591 - URBasic_rtdeEvent - ERROR - Lost some RTDE at 6080.572 - 10.000000000218279 milliseconds since last package
2024-11-23 00:01:01,783 - URBasic_rtdeEvent - ERROR - Lost some RTDE at 6080.7 - 10.000000000218279 milliseconds since last package
2024-11-23 00:01:01,865 - URBasic_rtdeEvent - ERROR - Lost some RTDE at 6080.732 - 10.000000000218279 milliseconds since last package
2024-11-23 00:01:01,905 - URBasic_rtdeEvent - ERROR - Lost some RTDE at 6080.755999999999 - 9.999999999308784 milliseconds since last package
2024-11-23 00:01:02,050 - URBasic_rtdeEvent - ERROR - Lost some RTDE at 6080.852 - 10.000000000218279 milliseconds since last package
2024-11-23 00:01:02,096 - URBasic_rtdeEvent - ERROR - Lost some RTDE at 6080.864 - 11.999999999716238 milliseconds since last package
2024-11-23 00:01:02,139 - URBasic_rtdeEvent - ERROR - Lost some RTDE at 6080.884 - 10.000000000218279 milliseconds since last package
2024-11-23 00:01:02,191 - URBasic_rtdeEvent - ERROR - Lost some RTDE at 6080.924 - 10.000000000218279 milliseconds since last package
2024-11-23 00:01:02,224 - URBasic_rtdeEvent - ERROR - Lost some RTDE at 6080.94 - 10.000000000218279 milliseconds since last package
2024-11-23 00:01:02,281 - URBasic_rtdeEvent - ERROR - Lost some RTDE at 6080.95 - 10.000000000218279 milliseconds since last package
2024-11-23 00:01:02,541 - URBasic_rtdeEvent - ERROR - Lost some RTDE at 6081.084 - 10.000000000218279 milliseconds since last package
2024-11-23 00:01:02,718 - URBasic_rtdeEvent - ERROR - Lost some RTDE at 6081.214 - 12.000000000625732 milliseconds since last package
2024-11-23 00:01:02,734 - URBasic_rtdeEvent - ERROR - Lost some RTDE at 6081.228 - 10.000000000218279 milliseconds since last package
2024-11-23 00:01:02,841 - URBasic_rtdeEvent - ERROR - Lost some RTDE at 6081.308 - 10.000000000218279 milliseconds since last package
2024-11-23 00:01:02,880 - URBasic_rtdeEvent - ERROR - Lost some RTDE at 6081.324 - 10.000000000218279 milliseconds since last package
2024-11-23 00:01:02,964 - URBasic_rtdeEvent - ERROR - Lost some RTDE at 6081.356 - 10.000000000218279 milliseconds since last package
2024-11-23 00:01:03,087 - URBasic_rtdeEvent - ERROR - Lost some RTDE at 6081.46 - 10.000000000218279 milliseconds since last package
2024-11-23 00:01:03,266 - URBasic_rtdeEvent - ERROR - Lost some RTDE at 6081.596 - 10.000000000218279 milliseconds since last package
2024-11-23 00:01:03,450 - URBasic_rtdeEvent - ERROR - Lost some RTDE at 6081.724 - 10.000000000218279 milliseconds since last package
2024-11-23 00:01:03,466 - URBasic_rtdeEvent - ERROR - Lost some RTDE at 6081.74 - 10.000000000218279 milliseconds since last package
2024-11-23 00:01:03,846 - URBasic_rtdeEvent - ERROR - Lost some RTDE at 6081.788 - 10.000000000218279 milliseconds since last package
2024-11-23 00:01:04,055 - URBasic_rtdeEvent - ERROR - Lost some RTDE at 6081.82 - 10.000000000218279 milliseconds since last package
2024-11-23 00:01:04,339 - URBasic_rtdeEvent - ERROR - Lost some RTDE at 6081.875999999999 - 9.999999999308784 milliseconds since last package
2024-11-23 00:01:04,643 - URBasic_rtdeEvent - ERROR - Lost some RTDE at 6081.9039999999995 - 14.000000000123691 milliseconds since last package
2024-11-23 00:01:04,682 - URBasic_rtdeEvent - ERROR - Lost some RTDE at 6081.932 - 10.000000000218279 milliseconds since last package
2024-11-23 00:01:04,857 - URBasic_rtdeEvent - ERROR - Lost some RTDE at 6082.0199999999995 - 10.000000000218279 milliseconds since last package
2024-11-23 00:01:04,939 - URBasic_rtdeEvent - ERROR - Lost some RTDE at 6082.076 - 10.000000000218279 milliseconds since last package
2024-11-23 00:01:04,960 - URBasic_rtdeEvent - ERROR - Lost some RTDE at 6082.092 - 10.000000000218279 milliseconds since last package
2024-11-23 00:01:05,029 - URBasic_rtdeEvent - ERROR - Lost some RTDE at 6082.124 - 10.000000000218279 milliseconds since last package
2024-11-23 00:01:05,254 - URBasic_rtdeEvent - ERROR - Lost some RTDE at 6082.219999999999 - 9.999999999308784 milliseconds since last package
2024-11-23 00:01:05,291 - URBasic_rtdeEvent - ERROR - Lost some RTDE at 6082.244 - 10.000000000218279 milliseconds since last package
2024-11-23 00:01:05,352 - URBasic_rtdeEvent - ERROR - Lost some RTDE at 6082.268 - 10.000000000218279 milliseconds since last package
2024-11-23 00:01:05,480 - URBasic_rtdeEvent - ERROR - Lost some RTDE at 6082.299999999999 - 9.999999999308784 milliseconds since last package
2024-11-23 00:01:05,523 - URBasic_rtdeEvent - ERROR - Lost some RTDE at 6082.331999999999 - 9.999999999308784 milliseconds since last package
2024-11-23 00:01:05,645 - URBasic_rtdeEvent - ERROR - Lost some RTDE at 6082.436 - 10.000000000218279 milliseconds since last package
2024-11-23 00:01:05,716 - URBasic_rtdeEvent - ERROR - Lost some RTDE at 6082.491999999999 - 9.999999999308784 milliseconds since last package
2024-11-23 00:01:06,353 - URBasic_rtdeEvent - ERROR - Lost some RTDE at 6082.8279999999995 - 10.000000000218279 milliseconds since last package
2024-11-23 00:01:06,476 - URBasic_rtdeEvent - ERROR - Lost some RTDE at 6082.853999999999 - 11.999999999716238 milliseconds since last package
2024-11-23 00:01:06,535 - URBasic_rtdeEvent - ERROR - Lost some RTDE at 6082.892 - 10.000000000218279 milliseconds since last package
2024-11-23 00:01:06,698 - URBasic_rtdeEvent - ERROR - Lost some RTDE at 6083.036 - 10.000000000218279 milliseconds since last package
2024-11-23 00:01:06,969 - URBasic_rtdeEvent - ERROR - Lost some RTDE at 6083.222 - 11.999999999716238 milliseconds since last package
2024-11-23 00:01:07,024 - URBasic_rtdeEvent - ERROR - Lost some RTDE at 6083.259999999999 - 9.999999999308784 milliseconds since last package
2024-11-23 00:01:07,127 - URBasic_rtdeEvent - ERROR - Lost some RTDE at 6083.34 - 10.000000000218279 milliseconds since last package
2024-11-23 00:01:07,264 - URBasic_rtdeEvent - ERROR - Lost some RTDE at 6083.46 - 10.000000000218279 milliseconds since last package
2024-11-23 00:01:07,414 - URBasic_rtdeEvent - ERROR - Lost some RTDE at 6083.58 - 10.000000000218279 milliseconds since last package
2024-11-23 00:01:07,437 - URBasic_rtdeEvent - ERROR - Lost some RTDE at 6083.596 - 10.000000000218279 milliseconds since last package
2024-11-23 00:01:07,455 - URBasic_rtdeEvent - ERROR - Lost some RTDE at 6083.606 - 10.000000000218279 milliseconds since last package
2024-11-23 00:01:07,849 - URBasic_rtdeEvent - ERROR - Lost some RTDE at 6083.907999999999 - 9.999999999308784 milliseconds since last package
2024-11-23 00:01:07,928 - URBasic_rtdeEvent - ERROR - Lost some RTDE at 6083.968 - 14.000000000123691 milliseconds since last package
2024-11-23 00:01:08,089 - URBasic_rtdeEvent - ERROR - Lost some RTDE at 6084.044 - 10.000000000218279 milliseconds since last package
2024-11-23 00:01:08,105 - URBasic_rtdeEvent - ERROR - Lost some RTDE at 6084.0599999999995 - 10.000000000218279 milliseconds since last package
2024-11-23 00:01:08,398 - URBasic_rtdeEvent - ERROR - Lost some RTDE at 6084.324 - 10.000000000218279 milliseconds since last package
2024-11-23 00:01:12,151 - URBasic_rtdeEvent - INFO - Total packages: 54000
2024-11-23 00:01:12,881 - URBasic_rtdeEvent - ERROR - Lost some RTDE at 6088.599999999999 - 14.000000000123691 milliseconds since last package
2024-11-23 00:01:13,221 - URBasic_rtdeEvent - ERROR - Lost some RTDE at 6088.852 - 10.000000000218279 milliseconds since last package
2024-11-23 00:01:13,247 - URBasic_rtdeEvent - ERROR - Lost some RTDE at 6088.875999999999 - 9.999999999308784 milliseconds since last package
2024-11-23 00:01:13,424 - URBasic_rtdeEvent - ERROR - Lost some RTDE at 6088.996 - 10.000000000218279 milliseconds since last package
2024-11-23 00:01:13,566 - URBasic_rtdeEvent - ERROR - Lost some RTDE at 6089.084 - 10.000000000218279 milliseconds since last package
2024-11-23 00:01:17,282 - URBasic_rtdeEvent - ERROR - Lost some RTDE at 6092.58 - 10.000000000218279 milliseconds since last package
2024-11-23 00:01:20,690 - URBasic_rtdeEvent - INFO - Total packages: 55000
2024-11-23 00:01:28,928 - URBasic_rtdeEvent - INFO - Total packages: 56000
2024-11-23 00:01:33,060 - URBasic_rtdeEvent - ERROR - Lost some RTDE at 6107.987999999999 - 9.999999999308784 milliseconds since last package
2024-11-23 00:01:37,236 - URBasic_rtdeEvent - INFO - Total packages: 57000
2024-11-23 00:01:45,398 - URBasic_rtdeEvent - INFO - Total packages: 58000
2024-11-23 00:01:53,511 - URBasic_rtdeEvent - INFO - Total packages: 59000
2024-11-23 00:02:01,658 - URBasic_rtdeEvent - INFO - Total packages: 60000
2024-11-23 00:02:04,429 - URBasic_rtdeEvent - ERROR - Lost some RTDE at 6138.66 - 10.000000000218279 milliseconds since last package
2024-11-23 00:02:08,366 - URBasic_rtdeEvent - ERROR - Lost some RTDE at 6142.491999999999 - 9.999999999308784 milliseconds since last package
2024-11-23 00:02:09,837 - URBasic_rtdeEvent - INFO - Total packages: 61000
2024-11-23 00:02:15,490 - URBasic_rtdeEvent - ERROR - Lost some RTDE at 6149.508 - 10.000000000218279 milliseconds since last package
2024-11-23 00:02:17,967 - URBasic_rtdeEvent - INFO - Total packages: 62000
2024-11-23 00:02:26,108 - URBasic_rtdeEvent - INFO - Total packages: 63000
2024-11-23 00:02:34,216 - URBasic_rtdeEvent - INFO - Total packages: 64000
2024-11-23 00:02:42,320 - URBasic_rtdeEvent - INFO - Total packages: 65000
2024-11-23 00:02:50,433 - URBasic_rtdeEvent - INFO - Total packages: 66000
2024-11-23 00:02:58,550 - URBasic_rtdeEvent - INFO - Total packages: 67000
2024-11-23 00:03:06,693 - URBasic_rtdeEvent - INFO - Total packages: 68000
2024-11-23 00:03:14,804 - URBasic_rtdeEvent - INFO - Total packages: 69000
2024-11-23 00:03:16,457 - URBasic_rtdeEvent - ERROR - Lost some RTDE at 6209.54 - 10.000000000218279 milliseconds since last package
2024-11-23 00:03:21,359 - URBasic_rtdeEvent - ERROR - Lost some RTDE at 6214.357999999999 - 11.999999999716238 milliseconds since last package
2024-11-23 00:03:21,395 - URBasic_rtdeEvent - ERROR - Lost some RTDE at 6214.388 - 10.000000000218279 milliseconds since last package
2024-11-23 00:03:22,696 - URBasic_rtdeEvent - ERROR - Lost some RTDE at 6215.62 - 10.000000000218279 milliseconds since last package
2024-11-23 00:03:23,038 - URBasic_rtdeEvent - INFO - Total packages: 70000
2024-11-23 00:03:31,191 - URBasic_rtdeEvent - INFO - Total packages: 71000
2024-11-23 00:03:32,732 - URBasic_rtdeEvent - ERROR - Lost some RTDE at 6225.451999999999 - 9.999999999308784 milliseconds since last package
2024-11-23 00:03:32,884 - URBasic_rtdeEvent - ERROR - Lost some RTDE at 6225.588 - 10.000000000218279 milliseconds since last package
2024-11-23 00:03:39,368 - URBasic_rtdeEvent - INFO - Total packages: 72000
2024-11-23 00:03:47,498 - URBasic_rtdeEvent - INFO - Total packages: 73000
2024-11-23 00:03:51,080 - URBasic_rtdeEvent - ERROR - Lost some RTDE at 6243.4839999999995 - 9.999999999308784 milliseconds since last package
2024-11-23 00:03:51,099 - URBasic_rtdeEvent - ERROR - Lost some RTDE at 6243.5 - 10.000000000218279 milliseconds since last package
2024-11-23 00:03:52,476 - URBasic_rtdeEvent - ERROR - Lost some RTDE at 6244.804 - 10.000000000218279 milliseconds since last package
2024-11-23 00:03:55,688 - URBasic_rtdeEvent - INFO - Total packages: 74000
2024-11-23 00:04:03,806 - URBasic_rtdeEvent - INFO - Total packages: 75000
2024-11-23 00:04:11,470 - URBasic_rtdeEvent - ERROR - Lost some RTDE at 6263.46 - 10.000000000218279 milliseconds since last package
2024-11-23 00:04:11,960 - URBasic_rtdeEvent - INFO - Total packages: 76000
2024-11-23 00:04:13,491 - URBasic_rtdeEvent - ERROR - Lost some RTDE at 6265.414 - 11.999999999716238 milliseconds since last package
2024-11-23 00:04:17,841 - URBasic_rtdeEvent - ERROR - Lost some RTDE at 6269.612 - 10.000000000218279 milliseconds since last package
2024-11-23 00:04:20,233 - URBasic_rtdeEvent - INFO - Total packages: 77000
2024-11-23 00:04:21,068 - URBasic_rtdeEvent - ERROR - Lost some RTDE at 6272.732 - 10.000000000218279 milliseconds since last package
2024-11-23 00:04:28,508 - URBasic_rtdeEvent - INFO - Total packages: 78000
2024-11-23 00:04:36,783 - URBasic_rtdeEvent - INFO - Total packages: 79000
2024-11-23 00:04:43,396 - URBasic_rtdeEvent - ERROR - Lost some RTDE at 6294.356 - 10.000000000218279 milliseconds since last package
2024-11-23 00:04:43,408 - URBasic_rtdeEvent - ERROR - Lost some RTDE at 6294.366 - 10.000000000218279 milliseconds since last package
2024-11-23 00:04:44,827 - URBasic_rtdeEvent - ERROR - Lost some RTDE at 6295.724 - 10.000000000218279 milliseconds since last package
2024-11-23 00:04:45,043 - URBasic_rtdeEvent - INFO - Total packages: 80000
2024-11-23 00:04:49,586 - URBasic_rtdeEvent - ERROR - Lost some RTDE at 6300.308 - 10.000000000218279 milliseconds since last package
2024-11-23 00:04:50,214 - URBasic_rtdeEvent - ERROR - Lost some RTDE at 6300.924 - 10.000000000218279 milliseconds since last package
2024-11-23 00:04:53,344 - URBasic_rtdeEvent - INFO - Total packages: 81000
2024-11-23 00:05:01,478 - URBasic_rtdeEvent - INFO - Total packages: 82000
2024-11-23 00:05:09,649 - URBasic_rtdeEvent - INFO - Total packages: 83000
2024-11-23 00:05:17,378 - URBasic_rtdeEvent - ERROR - Lost some RTDE at 6327.523999999999 - 9.999999999308784 milliseconds since last package
