2024-11-20 19:20:02,228 - URBasic_robotModelEvent - INFO - Init done
2024-11-20 19:20:02,743 - URBasic_realTimeClientEvent - INFO - Connected
2024-11-20 19:20:02,743 - URBasic_realTimeClientEvent - INFO - RT_CLient constructor done
2024-11-20 19:20:02,745 - URBasic_dataLogEvent - INFO - DataLog constructor done
2024-11-20 19:20:02,746 - URBasic_rtdeEvent - INFO - RTDE constructor done
2024-11-20 19:20:03,273 - URBasic_dashboardEvent - INFO - Connected
2024-11-20 19:20:03,277 - URBasic_dashboardEvent - INFO - UR Dashboard respond Connected: Universal Robots Dashboard Server
2024-11-20 19:20:03,278 - URBasic_dashboardEvent - INFO - Dashboard server constructor done
2024-11-20 19:20:03,278 - URBasic_robotConnectorEvent - INFO - Init done
2024-11-20 19:20:03,721 - URBasic_rtdeEvent - INFO - Controller version: 5.18.1-0
2024-11-20 19:20:03,753 - URBasic_rtdeEvent - INFO - RTDE started
2024-11-20 19:20:04,295 - URBasic_urScriptEvent - INFO - Init done
2024-11-20 19:20:04,343 - URBasic_urScriptExtEvent - INFO - Init done
2024-11-20 19:20:04,376 - URBasic_rtdeEvent - ERROR - Lost some RTDE at 6557.168 - 10.000000000218279 milliseconds since last package
2024-11-20 19:20:12,028 - URBasic_rtdeEvent - INFO - Total packages: 1000
2024-11-20 19:20:16,199 - URBasic_rtdeEvent - ERROR - Lost some RTDE at 6568.624 - 10.000000000218279 milliseconds since last package
2024-11-20 19:20:17,259 - URBasic_rtdeEvent - ERROR - Lost some RTDE at 6569.639999999999 - 9.999999999308784 milliseconds since last package
2024-11-20 19:20:20,259 - URBasic_rtdeEvent - INFO - Total packages: 2000
2024-11-20 19:20:25,036 - URBasic_rtdeEvent - ERROR - Lost some RTDE at 6577.088 - 10.000000000218279 milliseconds since last package
2024-11-20 19:20:27,174 - URBasic_rtdeEvent - ERROR - Lost some RTDE at 6579.072 - 10.000000000218279 milliseconds since last package
2024-11-20 19:20:27,328 - URBasic_rtdeEvent - ERROR - Lost some RTDE at 6579.215999999999 - 9.999999999308784 milliseconds since last package
2024-11-20 19:20:28,507 - URBasic_rtdeEvent - ERROR - Lost some RTDE at 6580.352 - 10.000000000218279 milliseconds since last package
2024-11-20 19:20:28,727 - URBasic_rtdeEvent - INFO - Total packages: 3000
2024-11-20 19:20:29,059 - URBasic_rtdeEvent - ERROR - Lost some RTDE at 6580.719999999999 - 9.999999999308784 milliseconds since last package
2024-11-20 19:20:37,043 - URBasic_rtdeEvent - ERROR - Lost some RTDE at 6588.3859999999995 - 11.999999999716238 milliseconds since last package
2024-11-20 19:20:37,263 - URBasic_rtdeEvent - INFO - Total packages: 4000
2024-11-20 19:20:38,464 - URBasic_rtdeEvent - ERROR - Lost some RTDE at 6589.607999999999 - 9.999999999308784 milliseconds since last package
2024-11-20 19:20:38,697 - URBasic_rtdeEvent - ERROR - Lost some RTDE at 6589.768 - 10.000000000218279 milliseconds since last package
2024-11-20 19:20:39,361 - URBasic_rtdeEvent - ERROR - Lost some RTDE at 6590.282 - 12.000000000625732 milliseconds since last package
2024-11-20 19:20:41,259 - URBasic_rtdeEvent - ERROR - Lost some RTDE at 6592.008 - 10.000000000218279 milliseconds since last package
2024-11-20 19:20:41,345 - URBasic_rtdeEvent - ERROR - Lost some RTDE at 6592.056 - 10.000000000218279 milliseconds since last package
2024-11-20 19:20:46,030 - URBasic_rtdeEvent - INFO - Total packages: 5000
2024-11-20 19:20:52,818 - URBasic_rtdeEvent - ERROR - Lost some RTDE at 6603.032 - 10.000000000218279 milliseconds since last package
2024-11-20 19:20:54,423 - URBasic_rtdeEvent - INFO - Total packages: 6000
2024-11-20 19:20:58,853 - URBasic_rtdeEvent - ERROR - Lost some RTDE at 6608.7119999999995 - 10.000000000218279 milliseconds since last package
2024-11-20 19:21:02,950 - URBasic_rtdeEvent - INFO - Total packages: 7000
2024-11-20 19:21:06,826 - URBasic_rtdeEvent - ERROR - Lost some RTDE at 6616.255999999999 - 9.999999999308784 milliseconds since last package
2024-11-20 19:21:07,504 - URBasic_rtdeEvent - ERROR - Lost some RTDE at 6616.856 - 10.000000000218279 milliseconds since last package
2024-11-20 19:21:11,337 - URBasic_rtdeEvent - INFO - Total packages: 8000
2024-11-20 19:21:17,706 - URBasic_rtdeEvent - ERROR - Lost some RTDE at 6626.759999999999 - 9.999999999308784 milliseconds since last package
2024-11-20 19:21:19,594 - URBasic_rtdeEvent - INFO - Total packages: 9000
2024-11-20 19:21:21,914 - URBasic_rtdeEvent - ERROR - Lost some RTDE at 6630.648 - 10.000000000218279 milliseconds since last package
2024-11-20 19:21:28,048 - URBasic_rtdeEvent - INFO - Total packages: 10000
2024-11-20 19:21:31,051 - URBasic_rtdeEvent - ERROR - Lost some RTDE at 6639.472 - 10.000000000218279 milliseconds since last package
2024-11-20 19:21:36,270 - URBasic_rtdeEvent - INFO - Total packages: 11000
2024-11-20 19:21:36,999 - URBasic_rtdeEvent - ERROR - Lost some RTDE at 6645.28 - 10.000000000218279 milliseconds since last package
2024-11-20 19:21:37,134 - URBasic_rtdeEvent - ERROR - Lost some RTDE at 6645.393999999999 - 11.999999999716238 milliseconds since last package
2024-11-20 19:21:44,469 - URBasic_rtdeEvent - INFO - Total packages: 12000
2024-11-20 19:21:45,784 - URBasic_rtdeEvent - ERROR - Lost some RTDE at 6653.616 - 10.000000000218279 milliseconds since last package
2024-11-20 19:21:46,009 - URBasic_rtdeEvent - ERROR - Lost some RTDE at 6653.74 - 14.000000000123691 milliseconds since last package
2024-11-20 19:21:46,039 - URBasic_rtdeEvent - ERROR - Lost some RTDE at 6653.759999999999 - 9.999999999308784 milliseconds since last package
2024-11-20 19:21:46,232 - URBasic_rtdeEvent - ERROR - Lost some RTDE at 6653.911999999999 - 9.999999999308784 milliseconds since last package
2024-11-20 19:21:46,773 - URBasic_rtdeEvent - ERROR - Lost some RTDE at 6654.3679999999995 - 10.000000000218279 milliseconds since last package
2024-11-20 19:21:46,865 - URBasic_rtdeEvent - ERROR - Lost some RTDE at 6654.407999999999 - 9.999999999308784 milliseconds since last package
2024-11-20 19:21:47,036 - URBasic_rtdeEvent - ERROR - Lost some RTDE at 6654.545999999999 - 11.999999999716238 milliseconds since last package
2024-11-20 19:21:47,094 - URBasic_rtdeEvent - ERROR - Lost some RTDE at 6654.567999999999 - 9.999999999308784 milliseconds since last package
2024-11-20 19:21:47,142 - URBasic_rtdeEvent - ERROR - Lost some RTDE at 6654.592 - 10.000000000218279 milliseconds since last package
2024-11-20 19:21:47,430 - URBasic_rtdeEvent - ERROR - Lost some RTDE at 6654.708 - 14.000000000123691 milliseconds since last package
2024-11-20 19:21:48,123 - URBasic_rtdeEvent - ERROR - Lost some RTDE at 6655.3679999999995 - 10.000000000218279 milliseconds since last package
2024-11-20 19:21:48,264 - URBasic_rtdeEvent - ERROR - Lost some RTDE at 6655.487999999999 - 9.999999999308784 milliseconds since last package
2024-11-20 19:21:48,460 - URBasic_rtdeEvent - ERROR - Lost some RTDE at 6655.624 - 10.000000000218279 milliseconds since last package
2024-11-20 19:21:48,513 - URBasic_rtdeEvent - ERROR - Lost some RTDE at 6655.672 - 10.000000000218279 milliseconds since last package
2024-11-20 19:21:48,533 - URBasic_rtdeEvent - ERROR - Lost some RTDE at 6655.688 - 10.000000000218279 milliseconds since last package
2024-11-20 19:21:48,706 - URBasic_rtdeEvent - ERROR - Lost some RTDE at 6655.831999999999 - 9.999999999308784 milliseconds since last package
2024-11-20 19:21:48,799 - URBasic_rtdeEvent - ERROR - Lost some RTDE at 6655.92 - 10.000000000218279 milliseconds since last package
2024-11-20 19:21:48,857 - URBasic_rtdeEvent - ERROR - Lost some RTDE at 6655.968 - 10.000000000218279 milliseconds since last package
2024-11-20 19:21:49,816 - URBasic_rtdeEvent - ERROR - Lost some RTDE at 6656.888 - 10.000000000218279 milliseconds since last package
2024-11-20 19:21:51,292 - URBasic_rtdeEvent - ERROR - Lost some RTDE at 6658.32 - 10.000000000218279 milliseconds since last package
2024-11-20 19:21:53,594 - URBasic_rtdeEvent - INFO - Total packages: 13000
2024-11-20 19:22:00,026 - URBasic_rtdeEvent - ERROR - Lost some RTDE at 6666.831999999999 - 9.999999999308784 milliseconds since last package
2024-11-20 19:22:01,816 - URBasic_rtdeEvent - INFO - Total packages: 14000
2024-11-20 19:22:02,318 - URBasic_rtdeEvent - ERROR - Lost some RTDE at 6669.023999999999 - 9.999999999308784 milliseconds since last package
2024-11-20 19:22:02,439 - URBasic_rtdeEvent - ERROR - Lost some RTDE at 6669.128 - 10.000000000218279 milliseconds since last package
2024-11-20 19:22:03,869 - URBasic_rtdeEvent - ERROR - Lost some RTDE at 6670.48 - 10.000000000218279 milliseconds since last package
2024-11-20 19:22:10,150 - URBasic_rtdeEvent - INFO - Total packages: 15000
2024-11-20 19:22:18,348 - URBasic_rtdeEvent - INFO - Total packages: 16000
2024-11-20 19:22:19,427 - URBasic_rtdeEvent - ERROR - Lost some RTDE at 6685.592 - 10.000000000218279 milliseconds since last package
2024-11-20 19:22:19,473 - URBasic_rtdeEvent - ERROR - Lost some RTDE at 6685.624 - 10.000000000218279 milliseconds since last package
