2024-11-22 22:45:17,335 - URBasic_robotModelEvent - INFO - Init done
2024-11-22 22:45:17,847 - URBasic_realTimeClientEvent - INFO - Connected
2024-11-22 22:45:17,847 - URBasic_realTimeClientEvent - INFO - RT_CLient constructor done
2024-11-22 22:45:17,849 - URBasic_dataLogEvent - INFO - DataLog constructor done
2024-11-22 22:45:17,850 - URBasic_rtdeEvent - INFO - RTDE constructor done
2024-11-22 22:45:18,365 - URBasic_dashboardEvent - INFO - Connected
2024-11-22 22:45:18,365 - URBasic_dashboardEvent - INFO - UR Dashboard respond Connected: Universal Robots Dashboard Server
2024-11-22 22:45:18,365 - URBasic_dashboardEvent - INFO - Dashboard server constructor done
2024-11-22 22:45:18,365 - URBasic_robotConnectorEvent - INFO - Init done
2024-11-22 22:45:18,969 - URBasic_rtdeEvent - INFO - Controller version: 5.18.1-0
2024-11-22 22:45:18,998 - URBasic_rtdeEvent - INFO - RTDE started
2024-11-22 22:45:19,380 - URBasic_urScriptEvent - INFO - Init done
2024-11-22 22:45:19,427 - URBasic_urScriptExtEvent - INFO - Init done
2024-11-22 22:45:27,162 - URBasic_rtdeEvent - INFO - Total packages: 1000
2024-11-22 22:45:35,318 - URBasic_rtdeEvent - INFO - Total packages: 2000
2024-11-22 22:45:39,836 - URBasic_rtdeEvent - ERROR - Lost some RTDE at 1639.618 - 9.999999999990905 milliseconds since last package
2024-11-22 22:45:39,887 - URBasic_rtdeEvent - ERROR - Lost some RTDE at 1639.666 - 9.999999999990905 milliseconds since last package
2024-11-22 22:45:43,630 - URBasic_rtdeEvent - INFO - Total packages: 3000
2024-11-22 22:45:51,732 - URBasic_rtdeEvent - INFO - Total packages: 4000
2024-11-22 22:45:59,843 - URBasic_rtdeEvent - INFO - Total packages: 5000
2024-11-22 22:46:07,958 - URBasic_rtdeEvent - INFO - Total packages: 6000
2024-11-22 22:46:08,637 - URBasic_rtdeEvent - ERROR - Lost some RTDE at 1667.8919999999998 - 11.999999999943611 milliseconds since last package
2024-11-22 22:46:16,081 - URBasic_rtdeEvent - INFO - Total packages: 7000
2024-11-22 22:46:22,344 - URBasic_rtdeEvent - ERROR - Lost some RTDE at 1681.384 - 16.000000000076398 milliseconds since last package
2024-11-22 22:46:24,218 - URBasic_rtdeEvent - INFO - Total packages: 8000
2024-11-22 22:46:32,340 - URBasic_rtdeEvent - INFO - Total packages: 9000
2024-11-22 22:46:40,446 - URBasic_rtdeEvent - INFO - Total packages: 10000
2024-11-22 22:46:48,586 - URBasic_rtdeEvent - INFO - Total packages: 11000
2024-11-22 22:46:56,690 - URBasic_rtdeEvent - INFO - Total packages: 12000
2024-11-22 22:47:04,836 - URBasic_rtdeEvent - INFO - Total packages: 13000
2024-11-22 22:47:12,936 - URBasic_rtdeEvent - INFO - Total packages: 14000
2024-11-22 22:47:21,034 - URBasic_rtdeEvent - INFO - Total packages: 15000
2024-11-22 22:47:26,399 - URBasic_rtdeEvent - ERROR - Lost some RTDE at 1744.418 - 9.999999999990905 milliseconds since last package
2024-11-22 22:47:29,254 - URBasic_rtdeEvent - INFO - Total packages: 16000
2024-11-22 22:47:35,967 - URBasic_rtdeEvent - ERROR - Lost some RTDE at 1753.778 - 9.999999999990905 milliseconds since last package
2024-11-22 22:47:36,195 - URBasic_rtdeEvent - ERROR - Lost some RTDE at 1753.9399999999998 - 11.999999999943611 milliseconds since last package
2024-11-22 22:47:37,523 - URBasic_rtdeEvent - INFO - Total packages: 17000
2024-11-22 22:47:43,810 - URBasic_rtdeEvent - ERROR - Lost some RTDE at 1761.4099999999999 - 9.999999999990905 milliseconds since last package
2024-11-22 22:47:44,577 - URBasic_rtdeEvent - ERROR - Lost some RTDE at 1762.146 - 9.999999999990905 milliseconds since last package
2024-11-22 22:47:44,684 - URBasic_rtdeEvent - ERROR - Lost some RTDE at 1762.1779999999999 - 9.999999999990905 milliseconds since last package
2024-11-22 22:47:44,837 - URBasic_rtdeEvent - ERROR - Lost some RTDE at 1762.274 - 9.999999999990905 milliseconds since last package
2024-11-22 22:47:45,144 - URBasic_rtdeEvent - ERROR - Lost some RTDE at 1762.4579999999999 - 9.999999999990905 milliseconds since last package
2024-11-22 22:47:45,222 - URBasic_rtdeEvent - ERROR - Lost some RTDE at 1762.522 - 9.999999999990905 milliseconds since last package
2024-11-22 22:47:45,318 - URBasic_rtdeEvent - ERROR - Lost some RTDE at 1762.572 - 11.999999999943611 milliseconds since last package
2024-11-22 22:47:45,489 - URBasic_rtdeEvent - ERROR - Lost some RTDE at 1762.73 - 9.999999999990905 milliseconds since last package
2024-11-22 22:47:45,841 - URBasic_rtdeEvent - ERROR - Lost some RTDE at 1763.05 - 9.999999999990905 milliseconds since last package
2024-11-22 22:47:45,891 - URBasic_rtdeEvent - ERROR - Lost some RTDE at 1763.09 - 9.999999999990905 milliseconds since last package
2024-11-22 22:47:46,040 - URBasic_rtdeEvent - INFO - Total packages: 18000
2024-11-22 22:47:46,066 - URBasic_rtdeEvent - ERROR - Lost some RTDE at 1763.242 - 9.999999999990905 milliseconds since last package
2024-11-22 22:47:54,230 - URBasic_rtdeEvent - INFO - Total packages: 19000
2024-11-22 22:48:02,347 - URBasic_rtdeEvent - INFO - Total packages: 20000
2024-11-22 22:48:10,508 - URBasic_rtdeEvent - INFO - Total packages: 21000
2024-11-22 22:48:18,625 - URBasic_rtdeEvent - INFO - Total packages: 22000
2024-11-22 22:48:26,754 - URBasic_rtdeEvent - INFO - Total packages: 23000
2024-11-22 22:48:34,883 - URBasic_rtdeEvent - INFO - Total packages: 24000
2024-11-22 22:48:42,998 - URBasic_rtdeEvent - INFO - Total packages: 25000
2024-11-22 22:48:51,097 - URBasic_rtdeEvent - INFO - Total packages: 26000
2024-11-22 22:48:59,195 - URBasic_rtdeEvent - INFO - Total packages: 27000
2024-11-22 22:49:07,295 - URBasic_rtdeEvent - INFO - Total packages: 28000
2024-11-22 22:49:15,398 - URBasic_rtdeEvent - INFO - Total packages: 29000
2024-11-22 22:49:23,542 - URBasic_rtdeEvent - INFO - Total packages: 30000
2024-11-22 22:49:31,631 - URBasic_rtdeEvent - INFO - Total packages: 31000
2024-11-22 22:49:39,755 - URBasic_rtdeEvent - INFO - Total packages: 32000
2024-11-22 22:49:47,856 - URBasic_rtdeEvent - INFO - Total packages: 33000
2024-11-22 22:49:55,988 - URBasic_rtdeEvent - INFO - Total packages: 34000
2024-11-22 22:50:04,076 - URBasic_rtdeEvent - INFO - Total packages: 35000
2024-11-22 22:50:12,179 - URBasic_rtdeEvent - INFO - Total packages: 36000
2024-11-22 22:50:20,287 - URBasic_rtdeEvent - INFO - Total packages: 37000
2024-11-22 22:50:28,418 - URBasic_rtdeEvent - INFO - Total packages: 38000
2024-11-22 22:50:36,511 - URBasic_rtdeEvent - INFO - Total packages: 39000
2024-11-22 22:50:44,618 - URBasic_rtdeEvent - INFO - Total packages: 40000
2024-11-22 22:50:52,732 - URBasic_rtdeEvent - INFO - Total packages: 41000
2024-11-22 22:51:00,838 - URBasic_rtdeEvent - INFO - Total packages: 42000
2024-11-22 22:51:08,943 - URBasic_rtdeEvent - INFO - Total packages: 43000
2024-11-22 22:51:17,028 - URBasic_rtdeEvent - INFO - Total packages: 44000
2024-11-22 22:51:25,121 - URBasic_rtdeEvent - INFO - Total packages: 45000
2024-11-22 22:51:33,216 - URBasic_rtdeEvent - INFO - Total packages: 46000
2024-11-22 22:51:36,015 - URBasic_rtdeEvent - ERROR - Lost some RTDE at 1989.9859999999999 - 9.999999999990905 milliseconds since last package
2024-11-22 22:51:36,350 - URBasic_rtdeEvent - ERROR - Lost some RTDE at 1990.3059999999998 - 9.999999999990905 milliseconds since last package
2024-11-22 22:51:39,418 - URBasic_rtdeEvent - ERROR - Lost some RTDE at 1993.3 - 11.999999999943611 milliseconds since last package
2024-11-22 22:51:41,378 - URBasic_rtdeEvent - INFO - Total packages: 47000
2024-11-22 22:51:42,860 - URBasic_rtdeEvent - ERROR - Lost some RTDE at 1996.682 - 10.000000000218279 milliseconds since last package
2024-11-22 22:51:49,615 - URBasic_rtdeEvent - INFO - Total packages: 48000
2024-11-22 22:51:57,746 - URBasic_rtdeEvent - INFO - Total packages: 49000
2024-11-22 22:52:05,948 - URBasic_rtdeEvent - INFO - Total packages: 50000
2024-11-22 22:52:14,074 - URBasic_rtdeEvent - INFO - Total packages: 51000
2024-11-22 22:52:22,168 - URBasic_rtdeEvent - INFO - Total packages: 52000
2024-11-22 22:52:30,273 - URBasic_rtdeEvent - INFO - Total packages: 53000
2024-11-22 22:52:38,349 - URBasic_rtdeEvent - INFO - Total packages: 54000
2024-11-22 22:52:46,455 - URBasic_rtdeEvent - INFO - Total packages: 55000
2024-11-22 22:52:54,549 - URBasic_rtdeEvent - INFO - Total packages: 56000
2024-11-22 22:53:02,679 - URBasic_rtdeEvent - INFO - Total packages: 57000
2024-11-22 22:53:10,753 - URBasic_rtdeEvent - INFO - Total packages: 58000
2024-11-22 22:53:18,858 - URBasic_rtdeEvent - INFO - Total packages: 59000
2024-11-22 22:53:26,949 - URBasic_rtdeEvent - INFO - Total packages: 60000
2024-11-22 22:53:35,047 - URBasic_rtdeEvent - INFO - Total packages: 61000
2024-11-22 22:53:43,144 - URBasic_rtdeEvent - INFO - Total packages: 62000
2024-11-22 22:53:51,248 - URBasic_rtdeEvent - INFO - Total packages: 63000
2024-11-22 22:53:59,397 - URBasic_rtdeEvent - INFO - Total packages: 64000
2024-11-22 22:54:07,572 - URBasic_rtdeEvent - INFO - Total packages: 65000
2024-11-22 22:54:13,237 - URBasic_rtdeEvent - ERROR - Lost some RTDE at 2144.658 - 10.000000000218279 milliseconds since last package
2024-11-22 22:54:15,229 - URBasic_rtdeEvent - ERROR - Lost some RTDE at 2146.592 - 16.000000000076398 milliseconds since last package
2024-11-22 22:54:15,880 - URBasic_rtdeEvent - INFO - Total packages: 66000
2024-11-22 22:54:24,008 - URBasic_rtdeEvent - INFO - Total packages: 67000
2024-11-22 22:54:28,477 - URBasic_rtdeEvent - ERROR - Lost some RTDE at 2159.62 - 12.000000000170985 milliseconds since last package
2024-11-22 22:54:28,498 - URBasic_rtdeEvent - ERROR - Lost some RTDE at 2159.634 - 10.000000000218279 milliseconds since last package
2024-11-22 22:54:28,767 - URBasic_rtdeEvent - ERROR - Lost some RTDE at 2159.882 - 10.000000000218279 milliseconds since last package
2024-11-22 22:54:32,181 - URBasic_rtdeEvent - INFO - Total packages: 68000
2024-11-22 22:54:40,293 - URBasic_rtdeEvent - INFO - Total packages: 69000
2024-11-22 22:54:48,421 - URBasic_rtdeEvent - INFO - Total packages: 70000
2024-11-22 22:54:56,524 - URBasic_rtdeEvent - INFO - Total packages: 71000
2024-11-22 22:55:04,643 - URBasic_rtdeEvent - INFO - Total packages: 72000
2024-11-22 22:55:12,763 - URBasic_rtdeEvent - INFO - Total packages: 73000
2024-11-22 22:55:20,917 - URBasic_rtdeEvent - INFO - Total packages: 74000
2024-11-22 22:55:22,686 - URBasic_rtdeEvent - ERROR - Lost some RTDE at 2212.97 - 9.999999999763531 milliseconds since last package
2024-11-22 22:55:22,795 - URBasic_rtdeEvent - ERROR - Lost some RTDE at 2213.074 - 10.000000000218279 milliseconds since last package
2024-11-22 22:55:29,087 - URBasic_rtdeEvent - INFO - Total packages: 75000
2024-11-22 22:55:37,224 - URBasic_rtdeEvent - INFO - Total packages: 76000
2024-11-22 22:55:45,322 - URBasic_rtdeEvent - INFO - Total packages: 77000
2024-11-22 22:55:53,433 - URBasic_rtdeEvent - INFO - Total packages: 78000
2024-11-22 22:56:00,416 - URBasic_rtdeEvent - ERROR - Lost some RTDE at 2250.114 - 10.000000000218279 milliseconds since last package
2024-11-22 22:56:00,523 - URBasic_rtdeEvent - ERROR - Lost some RTDE at 2250.218 - 9.999999999763531 milliseconds since last package
2024-11-22 22:56:01,553 - URBasic_rtdeEvent - INFO - Total packages: 79000
2024-11-22 22:56:09,788 - URBasic_rtdeEvent - INFO - Total packages: 80000
2024-11-22 22:56:11,108 - URBasic_rtdeEvent - ERROR - Lost some RTDE at 2260.514 - 10.000000000218279 milliseconds since last package
2024-11-22 22:56:17,948 - URBasic_rtdeEvent - INFO - Total packages: 81000
2024-11-22 22:56:25,328 - URBasic_rtdeEvent - ERROR - Lost some RTDE at 2274.498 - 10.000000000218279 milliseconds since last package
2024-11-22 22:56:26,080 - URBasic_rtdeEvent - INFO - Total packages: 82000
2024-11-22 22:56:34,340 - URBasic_rtdeEvent - INFO - Total packages: 83000
2024-11-22 22:56:35,268 - URBasic_rtdeEvent - ERROR - Lost some RTDE at 2284.138 - 10.000000000218279 milliseconds since last package
2024-11-22 22:56:35,606 - URBasic_rtdeEvent - ERROR - Lost some RTDE at 2284.4339999999997 - 9.999999999763531 milliseconds since last package
2024-11-22 22:56:35,648 - URBasic_rtdeEvent - ERROR - Lost some RTDE at 2284.458 - 10.000000000218279 milliseconds since last package
2024-11-22 22:56:38,180 - URBasic_rtdeEvent - ERROR - Lost some RTDE at 2286.9539999999997 - 9.999999999763531 milliseconds since last package
2024-11-22 22:56:42,548 - URBasic_rtdeEvent - INFO - Total packages: 84000
2024-11-22 22:56:50,647 - URBasic_rtdeEvent - INFO - Total packages: 85000
2024-11-22 22:56:58,748 - URBasic_rtdeEvent - INFO - Total packages: 86000
2024-11-22 22:57:06,847 - URBasic_rtdeEvent - INFO - Total packages: 87000
2024-11-22 22:57:14,979 - URBasic_rtdeEvent - INFO - Total packages: 88000
2024-11-22 22:57:23,108 - URBasic_rtdeEvent - INFO - Total packages: 89000
2024-11-22 22:57:31,208 - URBasic_rtdeEvent - INFO - Total packages: 90000
2024-11-22 22:57:33,536 - URBasic_rtdeEvent - ERROR - Lost some RTDE at 2341.5299999999997 - 9.999999999763531 milliseconds since last package
2024-11-22 22:57:39,339 - URBasic_rtdeEvent - INFO - Total packages: 91000
2024-11-22 22:57:47,433 - URBasic_rtdeEvent - INFO - Total packages: 92000
2024-11-22 22:57:55,628 - URBasic_rtdeEvent - INFO - Total packages: 93000
2024-11-22 22:58:03,819 - URBasic_rtdeEvent - INFO - Total packages: 94000
2024-11-22 22:58:11,928 - URBasic_rtdeEvent - INFO - Total packages: 95000
2024-11-22 22:58:20,107 - URBasic_rtdeEvent - INFO - Total packages: 96000
2024-11-22 22:58:24,649 - URBasic_rtdeEvent - ERROR - Lost some RTDE at 2391.634 - 10.000000000218279 milliseconds since last package
2024-11-22 22:58:28,322 - URBasic_rtdeEvent - INFO - Total packages: 97000
2024-11-22 22:58:36,518 - URBasic_rtdeEvent - INFO - Total packages: 98000
2024-11-22 22:58:41,153 - URBasic_rtdeEvent - ERROR - Lost some RTDE at 2407.806 - 14.000000000123691 milliseconds since last package
2024-11-22 22:58:43,513 - URBasic_rtdeEvent - ERROR - Lost some RTDE at 2410.1059999999998 - 9.999999999763531 milliseconds since last package
2024-11-22 22:58:44,673 - URBasic_rtdeEvent - INFO - Total packages: 99000
2024-11-22 22:58:52,826 - URBasic_rtdeEvent - INFO - Total packages: 100000
